{"E:\\frontend\\dev\\stellar-burgers\\src\\services\\constructorSlice.ts": {"path":"E:\\frontend\\dev\\stellar-burgers\\src\\services\\constructorSlice.ts","all":false,"statementMap":{"0":{"start":{"line":1,"column":0},"end":{"line":1,"column":62}},"1":{"start":{"line":2,"column":0},"end":{"line":2,"column":62}},"2":{"start":{"line":3,"column":0},"end":{"line":3,"column":42}},"3":{"start":{"line":4,"column":0},"end":{"line":4,"column":0}},"4":{"start":{"line":5,"column":0},"end":{"line":5,"column":41}},"5":{"start":{"line":6,"column":0},"end":{"line":6,"column":21}},"6":{"start":{"line":7,"column":0},"end":{"line":7,"column":14}},"7":{"start":{"line":8,"column":0},"end":{"line":8,"column":19}},"8":{"start":{"line":9,"column":0},"end":{"line":9,"column":3}},"9":{"start":{"line":10,"column":0},"end":{"line":10,"column":2}},"10":{"start":{"line":11,"column":0},"end":{"line":11,"column":0}},"11":{"start":{"line":12,"column":0},"end":{"line":12,"column":45}},"12":{"start":{"line":13,"column":0},"end":{"line":13,"column":22}},"13":{"start":{"line":14,"column":0},"end":{"line":14,"column":15}},"14":{"start":{"line":15,"column":0},"end":{"line":15,"column":13}},"15":{"start":{"line":16,"column":0},"end":{"line":16,"column":42}},"16":{"start":{"line":17,"column":0},"end":{"line":17,"column":45}},"17":{"start":{"line":18,"column":0},"end":{"line":18,"column":41}},"18":{"start":{"line":19,"column":0},"end":{"line":19,"column":31}},"19":{"start":{"line":20,"column":0},"end":{"line":20,"column":31}},"20":{"start":{"line":21,"column":0},"end":{"line":21,"column":13}},"21":{"start":{"line":22,"column":0},"end":{"line":22,"column":17}},"22":{"start":{"line":23,"column":0},"end":{"line":23,"column":52}},"23":{"start":{"line":24,"column":0},"end":{"line":24,"column":31}},"24":{"start":{"line":25,"column":0},"end":{"line":25,"column":31}},"25":{"start":{"line":26,"column":0},"end":{"line":26,"column":14}},"26":{"start":{"line":27,"column":0},"end":{"line":27,"column":10}},"27":{"start":{"line":28,"column":0},"end":{"line":28,"column":9}},"28":{"start":{"line":29,"column":0},"end":{"line":29,"column":20}},"29":{"start":{"line":30,"column":0},"end":{"line":30,"column":80}},"30":{"start":{"line":31,"column":0},"end":{"line":31,"column":44}},"31":{"start":{"line":32,"column":0},"end":{"line":32,"column":54}},"32":{"start":{"line":33,"column":0},"end":{"line":33,"column":16}},"33":{"start":{"line":34,"column":0},"end":{"line":34,"column":66}},"34":{"start":{"line":35,"column":0},"end":{"line":35,"column":9}},"35":{"start":{"line":36,"column":0},"end":{"line":36,"column":8}},"36":{"start":{"line":37,"column":0},"end":{"line":37,"column":45}},"37":{"start":{"line":38,"column":0},"end":{"line":38,"column":34}},"38":{"start":{"line":39,"column":0},"end":{"line":39,"column":50}},"39":{"start":{"line":40,"column":0},"end":{"line":40,"column":7}},"40":{"start":{"line":41,"column":0},"end":{"line":41,"column":6}},"41":{"start":{"line":42,"column":0},"end":{"line":42,"column":0}},"42":{"start":{"line":43,"column":0},"end":{"line":43,"column":42}},"43":{"start":{"line":44,"column":0},"end":{"line":44,"column":42}},"44":{"start":{"line":45,"column":0},"end":{"line":45,"column":50}},"45":{"start":{"line":46,"column":0},"end":{"line":46,"column":58}},"46":{"start":{"line":47,"column":0},"end":{"line":47,"column":10}},"47":{"start":{"line":48,"column":0},"end":{"line":48,"column":6}},"48":{"start":{"line":49,"column":0},"end":{"line":49,"column":0}},"49":{"start":{"line":50,"column":0},"end":{"line":50,"column":38}},"50":{"start":{"line":51,"column":0},"end":{"line":51,"column":32}},"51":{"start":{"line":52,"column":0},"end":{"line":52,"column":18}},"52":{"start":{"line":53,"column":0},"end":{"line":53,"column":23}},"53":{"start":{"line":54,"column":0},"end":{"line":54,"column":8}},"54":{"start":{"line":55,"column":0},"end":{"line":55,"column":6}},"55":{"start":{"line":56,"column":0},"end":{"line":56,"column":0}},"56":{"start":{"line":57,"column":0},"end":{"line":57,"column":42}},"57":{"start":{"line":58,"column":0},"end":{"line":58,"column":38}},"58":{"start":{"line":59,"column":0},"end":{"line":59,"column":53}},"59":{"start":{"line":60,"column":0},"end":{"line":60,"column":52}},"60":{"start":{"line":61,"column":0},"end":{"line":61,"column":47}},"61":{"start":{"line":62,"column":0},"end":{"line":62,"column":6}},"62":{"start":{"line":63,"column":0},"end":{"line":63,"column":0}},"63":{"start":{"line":64,"column":0},"end":{"line":64,"column":44}},"64":{"start":{"line":65,"column":0},"end":{"line":65,"column":53}},"65":{"start":{"line":66,"column":0},"end":{"line":66,"column":51}},"66":{"start":{"line":67,"column":0},"end":{"line":67,"column":52}},"67":{"start":{"line":68,"column":0},"end":{"line":68,"column":47}},"68":{"start":{"line":69,"column":0},"end":{"line":69,"column":5}},"69":{"start":{"line":70,"column":0},"end":{"line":70,"column":3}},"70":{"start":{"line":71,"column":0},"end":{"line":71,"column":3}},"71":{"start":{"line":72,"column":0},"end":{"line":72,"column":0}},"72":{"start":{"line":73,"column":0},"end":{"line":73,"column":14}},"73":{"start":{"line":74,"column":0},"end":{"line":74,"column":16}},"74":{"start":{"line":75,"column":0},"end":{"line":75,"column":19}},"75":{"start":{"line":76,"column":0},"end":{"line":76,"column":23}},"76":{"start":{"line":77,"column":0},"end":{"line":77,"column":19}},"77":{"start":{"line":78,"column":0},"end":{"line":78,"column":20}},"78":{"start":{"line":79,"column":0},"end":{"line":79,"column":29}},"79":{"start":{"line":80,"column":0},"end":{"line":80,"column":0}},"80":{"start":{"line":81,"column":0},"end":{"line":81,"column":59}}},"s":{"0":1,"1":1,"2":1,"3":1,"4":1,"5":1,"6":1,"7":1,"8":1,"9":1,"10":1,"11":1,"12":1,"13":1,"14":1,"15":1,"16":1,"17":1,"18":1,"19":1,"20":1,"21":1,"22":1,"23":1,"24":1,"25":1,"26":1,"27":1,"28":1,"29":1,"30":3,"31":1,"32":3,"33":2,"34":2,"35":1,"36":1,"37":3,"38":3,"39":3,"40":1,"41":1,"42":1,"43":2,"44":2,"45":2,"46":2,"47":1,"48":1,"49":1,"50":1,"51":1,"52":1,"53":1,"54":1,"55":1,"56":1,"57":1,"58":1,"59":1,"60":1,"61":1,"62":1,"63":1,"64":1,"65":1,"66":1,"67":1,"68":1,"69":1,"70":1,"71":1,"72":1,"73":1,"74":1,"75":1,"76":1,"77":1,"78":1,"79":1,"80":1},"branchMap":{"0":{"type":"branch","line":30,"loc":{"start":{"line":30,"column":15},"end":{"line":36,"column":7}},"locations":[{"start":{"line":30,"column":15},"end":{"line":36,"column":7}}]},"1":{"type":"branch","line":31,"loc":{"start":{"line":31,"column":43},"end":{"line":33,"column":9}},"locations":[{"start":{"line":31,"column":43},"end":{"line":33,"column":9}}]},"2":{"type":"branch","line":33,"loc":{"start":{"line":33,"column":9},"end":{"line":35,"column":9}},"locations":[{"start":{"line":33,"column":9},"end":{"line":35,"column":9}}]},"3":{"type":"branch","line":37,"loc":{"start":{"line":37,"column":15},"end":{"line":40,"column":7}},"locations":[{"start":{"line":37,"column":15},"end":{"line":40,"column":7}}]},"4":{"type":"branch","line":43,"loc":{"start":{"line":43,"column":22},"end":{"line":48,"column":5}},"locations":[{"start":{"line":43,"column":22},"end":{"line":48,"column":5}}]},"5":{"type":"branch","line":46,"loc":{"start":{"line":46,"column":10},"end":{"line":46,"column":58}},"locations":[{"start":{"line":46,"column":10},"end":{"line":46,"column":58}}]},"6":{"type":"branch","line":50,"loc":{"start":{"line":50,"column":26},"end":{"line":55,"column":5}},"locations":[{"start":{"line":50,"column":26},"end":{"line":55,"column":5}}]},"7":{"type":"branch","line":57,"loc":{"start":{"line":57,"column":22},"end":{"line":62,"column":5}},"locations":[{"start":{"line":57,"column":22},"end":{"line":62,"column":5}}]},"8":{"type":"branch","line":58,"loc":{"start":{"line":58,"column":31},"end":{"line":58,"column":38}},"locations":[{"start":{"line":58,"column":31},"end":{"line":58,"column":38}}]},"9":{"type":"branch","line":64,"loc":{"start":{"line":64,"column":24},"end":{"line":69,"column":5}},"locations":[{"start":{"line":64,"column":24},"end":{"line":69,"column":5}}]},"10":{"type":"branch","line":66,"loc":{"start":{"line":66,"column":44},"end":{"line":66,"column":51}},"locations":[{"start":{"line":66,"column":44},"end":{"line":66,"column":51}}]}},"b":{"0":[3],"1":[1],"2":[2],"3":[3],"4":[2],"5":[1],"6":[1],"7":[1],"8":[0],"9":[1],"10":[0]},"fnMap":{"0":{"name":"reducer","decl":{"start":{"line":30,"column":15},"end":{"line":36,"column":7}},"loc":{"start":{"line":30,"column":15},"end":{"line":36,"column":7}},"line":30},"1":{"name":"prepare","decl":{"start":{"line":37,"column":15},"end":{"line":40,"column":7}},"loc":{"start":{"line":37,"column":15},"end":{"line":40,"column":7}},"line":37},"2":{"name":"removeIngredient","decl":{"start":{"line":43,"column":22},"end":{"line":48,"column":5}},"loc":{"start":{"line":43,"column":22},"end":{"line":48,"column":5}},"line":43},"3":{"name":"removeAllIngredients","decl":{"start":{"line":50,"column":26},"end":{"line":55,"column":5}},"loc":{"start":{"line":50,"column":26},"end":{"line":55,"column":5}},"line":50},"4":{"name":"moveUpIngredient","decl":{"start":{"line":57,"column":22},"end":{"line":62,"column":5}},"loc":{"start":{"line":57,"column":22},"end":{"line":62,"column":5}},"line":57},"5":{"name":"moveDownIngredient","decl":{"start":{"line":64,"column":24},"end":{"line":69,"column":5}},"loc":{"start":{"line":64,"column":24},"end":{"line":69,"column":5}},"line":64}},"f":{"0":3,"1":3,"2":2,"3":1,"4":1,"5":1}}
,"E:\\frontend\\dev\\stellar-burgers\\src\\services\\feedSlice.ts": {"path":"E:\\frontend\\dev\\stellar-burgers\\src\\services\\feedSlice.ts","all":false,"statementMap":{"0":{"start":{"line":1,"column":0},"end":{"line":1,"column":8}},"1":{"start":{"line":2,"column":0},"end":{"line":2,"column":14}},"2":{"start":{"line":3,"column":0},"end":{"line":3,"column":19}},"3":{"start":{"line":4,"column":0},"end":{"line":4,"column":16}},"4":{"start":{"line":5,"column":0},"end":{"line":5,"column":26}},"5":{"start":{"line":6,"column":0},"end":{"line":6,"column":35}},"6":{"start":{"line":7,"column":0},"end":{"line":7,"column":42}},"7":{"start":{"line":8,"column":0},"end":{"line":8,"column":36}},"8":{"start":{"line":9,"column":0},"end":{"line":9,"column":0}},"9":{"start":{"line":10,"column":0},"end":{"line":10,"column":34}},"10":{"start":{"line":11,"column":0},"end":{"line":11,"column":13}},"11":{"start":{"line":12,"column":0},"end":{"line":12,"column":17}},"12":{"start":{"line":13,"column":0},"end":{"line":13,"column":17}},"13":{"start":{"line":14,"column":0},"end":{"line":14,"column":19}},"14":{"start":{"line":15,"column":0},"end":{"line":15,"column":13}},"15":{"start":{"line":16,"column":0},"end":{"line":16,"column":2}},"16":{"start":{"line":17,"column":0},"end":{"line":17,"column":0}},"17":{"start":{"line":18,"column":0},"end":{"line":18,"column":43}},"18":{"start":{"line":19,"column":0},"end":{"line":19,"column":21}},"19":{"start":{"line":20,"column":0},"end":{"line":20,"column":37}},"20":{"start":{"line":21,"column":0},"end":{"line":21,"column":9}},"21":{"start":{"line":22,"column":0},"end":{"line":22,"column":33}},"22":{"start":{"line":23,"column":0},"end":{"line":23,"column":17}},"23":{"start":{"line":24,"column":0},"end":{"line":24,"column":62}},"24":{"start":{"line":25,"column":0},"end":{"line":25,"column":5}},"25":{"start":{"line":26,"column":0},"end":{"line":26,"column":3}},"26":{"start":{"line":27,"column":0},"end":{"line":27,"column":2}},"27":{"start":{"line":28,"column":0},"end":{"line":28,"column":0}},"28":{"start":{"line":29,"column":0},"end":{"line":29,"column":38}},"29":{"start":{"line":30,"column":0},"end":{"line":30,"column":16}},"30":{"start":{"line":31,"column":0},"end":{"line":31,"column":15}},"31":{"start":{"line":32,"column":0},"end":{"line":32,"column":15}},"32":{"start":{"line":33,"column":0},"end":{"line":33,"column":31}},"33":{"start":{"line":34,"column":0},"end":{"line":34,"column":11}},"34":{"start":{"line":35,"column":0},"end":{"line":35,"column":47}},"35":{"start":{"line":36,"column":0},"end":{"line":36,"column":31}},"36":{"start":{"line":37,"column":0},"end":{"line":37,"column":27}},"37":{"start":{"line":38,"column":0},"end":{"line":38,"column":8}},"38":{"start":{"line":39,"column":0},"end":{"line":39,"column":57}},"39":{"start":{"line":40,"column":0},"end":{"line":40,"column":32}},"40":{"start":{"line":41,"column":0},"end":{"line":41,"column":45}},"41":{"start":{"line":42,"column":0},"end":{"line":42,"column":49}},"42":{"start":{"line":43,"column":0},"end":{"line":43,"column":54}},"43":{"start":{"line":44,"column":0},"end":{"line":44,"column":27}},"44":{"start":{"line":45,"column":0},"end":{"line":45,"column":8}},"45":{"start":{"line":46,"column":0},"end":{"line":46,"column":56}},"46":{"start":{"line":47,"column":0},"end":{"line":47,"column":32}},"47":{"start":{"line":48,"column":0},"end":{"line":48,"column":43}},"48":{"start":{"line":49,"column":0},"end":{"line":49,"column":9}},"49":{"start":{"line":50,"column":0},"end":{"line":50,"column":3}},"50":{"start":{"line":51,"column":0},"end":{"line":51,"column":3}},"51":{"start":{"line":52,"column":0},"end":{"line":52,"column":0}},"52":{"start":{"line":53,"column":0},"end":{"line":53,"column":43}},"53":{"start":{"line":54,"column":0},"end":{"line":54,"column":3}},"54":{"start":{"line":55,"column":0},"end":{"line":55,"column":56}},"55":{"start":{"line":56,"column":0},"end":{"line":56,"column":55}},"56":{"start":{"line":57,"column":0},"end":{"line":57,"column":4}},"57":{"start":{"line":58,"column":0},"end":{"line":58,"column":34}},"58":{"start":{"line":59,"column":0},"end":{"line":59,"column":23}},"59":{"start":{"line":60,"column":0},"end":{"line":60,"column":27}},"60":{"start":{"line":61,"column":0},"end":{"line":61,"column":4}},"61":{"start":{"line":62,"column":0},"end":{"line":62,"column":2}},"62":{"start":{"line":63,"column":0},"end":{"line":63,"column":0}},"63":{"start":{"line":64,"column":0},"end":{"line":64,"column":45}}},"s":{"0":1,"1":0,"2":1,"3":1,"4":1,"5":1,"6":1,"7":1,"8":1,"9":1,"10":1,"11":1,"12":1,"13":1,"14":1,"15":1,"16":1,"17":1,"18":1,"19":1,"20":0,"21":0,"22":0,"23":0,"24":1,"25":1,"26":1,"27":1,"28":1,"29":1,"30":1,"31":1,"32":1,"33":1,"34":1,"35":0,"36":0,"37":1,"38":1,"39":0,"40":0,"41":0,"42":0,"43":0,"44":1,"45":1,"46":0,"47":0,"48":1,"49":1,"50":1,"51":1,"52":1,"53":1,"54":1,"55":1,"56":1,"57":1,"58":0,"59":0,"60":0,"61":1,"62":1,"63":1},"branchMap":{"0":{"type":"branch","line":2,"loc":{"start":{"line":2,"column":0},"end":{"line":2,"column":14}},"locations":[{"start":{"line":2,"column":0},"end":{"line":2,"column":14}}]},"1":{"type":"branch","line":2,"loc":{"start":{"line":2,"column":0},"end":{"line":2,"column":14}},"locations":[{"start":{"line":2,"column":0},"end":{"line":2,"column":14}}]},"2":{"type":"branch","line":2,"loc":{"start":{"line":2,"column":0},"end":{"line":2,"column":14}},"locations":[{"start":{"line":2,"column":0},"end":{"line":2,"column":14}}]},"3":{"type":"branch","line":2,"loc":{"start":{"line":2,"column":0},"end":{"line":2,"column":14}},"locations":[{"start":{"line":2,"column":0},"end":{"line":2,"column":14}}]},"4":{"type":"branch","line":2,"loc":{"start":{"line":2,"column":0},"end":{"line":2,"column":14}},"locations":[{"start":{"line":2,"column":0},"end":{"line":2,"column":14}}]},"5":{"type":"branch","line":2,"loc":{"start":{"line":2,"column":0},"end":{"line":2,"column":14}},"locations":[{"start":{"line":2,"column":0},"end":{"line":2,"column":14}}]},"6":{"type":"branch","line":2,"loc":{"start":{"line":2,"column":0},"end":{"line":2,"column":14}},"locations":[{"start":{"line":2,"column":0},"end":{"line":2,"column":14}}]},"7":{"type":"branch","line":2,"loc":{"start":{"line":2,"column":0},"end":{"line":2,"column":14}},"locations":[{"start":{"line":2,"column":0},"end":{"line":2,"column":14}}]},"8":{"type":"branch","line":19,"loc":{"start":{"line":19,"column":20},"end":{"line":26,"column":3}},"locations":[{"start":{"line":19,"column":20},"end":{"line":26,"column":3}}]},"9":{"type":"branch","line":33,"loc":{"start":{"line":33,"column":17},"end":{"line":50,"column":3}},"locations":[{"start":{"line":33,"column":17},"end":{"line":50,"column":3}}]}},"b":{"0":[1],"1":[0],"2":[10],"3":[9],"4":[0],"5":[1],"6":[3],"7":[1],"8":[1],"9":[1]},"fnMap":{"0":{"name":"_regeneratorDefine2","decl":{"start":{"line":2,"column":0},"end":{"line":2,"column":14}},"loc":{"start":{"line":2,"column":0},"end":{"line":2,"column":14}},"line":2},"1":{"name":"_regeneratorDefine","decl":{"start":{"line":2,"column":0},"end":{"line":2,"column":14}},"loc":{"start":{"line":2,"column":0},"end":{"line":2,"column":14}},"line":2},"2":{"name":"o","decl":{"start":{"line":2,"column":0},"end":{"line":2,"column":14}},"loc":{"start":{"line":2,"column":0},"end":{"line":2,"column":14}},"line":2},"3":{"name":"_OverloadYield","decl":{"start":{"line":2,"column":0},"end":{"line":2,"column":14}},"loc":{"start":{"line":2,"column":0},"end":{"line":2,"column":14}},"line":2},"4":{"name":"asyncGeneratorStep","decl":{"start":{"line":2,"column":0},"end":{"line":2,"column":14}},"loc":{"start":{"line":2,"column":0},"end":{"line":2,"column":14}},"line":2},"5":{"name":"_asyncToGenerator","decl":{"start":{"line":2,"column":0},"end":{"line":2,"column":14}},"loc":{"start":{"line":2,"column":0},"end":{"line":2,"column":14}},"line":2},"6":{"name":"_callee","decl":{"start":{"line":20,"column":2},"end":{"line":24,"column":62}},"loc":{"start":{"line":20,"column":2},"end":{"line":24,"column":62}},"line":20},"7":{"name":"extraReducers","decl":{"start":{"line":33,"column":17},"end":{"line":50,"column":3}},"loc":{"start":{"line":33,"column":17},"end":{"line":50,"column":3}},"line":33},"8":{"name":"Object.<anonymous>.selectOrders","decl":{"start":{"line":55,"column":4},"end":{"line":55,"column":56}},"loc":{"start":{"line":55,"column":4},"end":{"line":55,"column":56}},"line":55}},"f":{"0":1,"1":10,"2":3,"3":0,"4":0,"5":1,"6":0,"7":1,"8":0}}
,"E:\\frontend\\dev\\stellar-burgers\\src\\services\\ingredientsSlice.ts": {"path":"E:\\frontend\\dev\\stellar-burgers\\src\\services\\ingredientsSlice.ts","all":false,"statementMap":{"0":{"start":{"line":1,"column":0},"end":{"line":1,"column":65}},"1":{"start":{"line":2,"column":0},"end":{"line":2,"column":49}},"2":{"start":{"line":3,"column":0},"end":{"line":3,"column":41}},"3":{"start":{"line":4,"column":0},"end":{"line":4,"column":0}},"4":{"start":{"line":5,"column":0},"end":{"line":5,"column":41}},"5":{"start":{"line":6,"column":0},"end":{"line":6,"column":18}},"6":{"start":{"line":7,"column":0},"end":{"line":7,"column":19}},"7":{"start":{"line":8,"column":0},"end":{"line":8,"column":13}},"8":{"start":{"line":9,"column":0},"end":{"line":9,"column":2}},"9":{"start":{"line":10,"column":0},"end":{"line":10,"column":0}},"10":{"start":{"line":11,"column":0},"end":{"line":11,"column":49}},"11":{"start":{"line":12,"column":0},"end":{"line":12,"column":33}},"12":{"start":{"line":13,"column":0},"end":{"line":13,"column":19}},"13":{"start":{"line":14,"column":0},"end":{"line":14,"column":2}},"14":{"start":{"line":15,"column":0},"end":{"line":15,"column":0}},"15":{"start":{"line":16,"column":0},"end":{"line":16,"column":45}},"16":{"start":{"line":17,"column":0},"end":{"line":17,"column":22}},"17":{"start":{"line":18,"column":0},"end":{"line":18,"column":15}},"18":{"start":{"line":19,"column":0},"end":{"line":19,"column":15}},"19":{"start":{"line":20,"column":0},"end":{"line":20,"column":31}},"20":{"start":{"line":21,"column":0},"end":{"line":21,"column":11}},"21":{"start":{"line":22,"column":0},"end":{"line":22,"column":53}},"22":{"start":{"line":23,"column":0},"end":{"line":23,"column":31}},"23":{"start":{"line":24,"column":0},"end":{"line":24,"column":27}},"24":{"start":{"line":25,"column":0},"end":{"line":25,"column":8}},"25":{"start":{"line":26,"column":0},"end":{"line":26,"column":63}},"26":{"start":{"line":27,"column":0},"end":{"line":27,"column":43}},"27":{"start":{"line":28,"column":0},"end":{"line":28,"column":32}},"28":{"start":{"line":29,"column":0},"end":{"line":29,"column":27}},"29":{"start":{"line":30,"column":0},"end":{"line":30,"column":8}},"30":{"start":{"line":31,"column":0},"end":{"line":31,"column":62}},"31":{"start":{"line":32,"column":0},"end":{"line":32,"column":32}},"32":{"start":{"line":33,"column":0},"end":{"line":33,"column":42}},"33":{"start":{"line":34,"column":0},"end":{"line":34,"column":32}},"34":{"start":{"line":35,"column":0},"end":{"line":35,"column":51}},"35":{"start":{"line":36,"column":0},"end":{"line":36,"column":9}},"36":{"start":{"line":37,"column":0},"end":{"line":37,"column":3}},"37":{"start":{"line":38,"column":0},"end":{"line":38,"column":3}},"38":{"start":{"line":39,"column":0},"end":{"line":39,"column":0}},"39":{"start":{"line":40,"column":0},"end":{"line":40,"column":59}}},"s":{"0":1,"1":1,"2":1,"3":1,"4":1,"5":1,"6":1,"7":1,"8":1,"9":1,"10":1,"11":1,"12":1,"13":1,"14":1,"15":1,"16":1,"17":1,"18":1,"19":1,"20":2,"21":2,"22":3,"23":3,"24":2,"25":2,"26":2,"27":2,"28":2,"29":2,"30":2,"31":1,"32":1,"33":1,"34":1,"35":2,"36":2,"37":1,"38":1,"39":1},"branchMap":{"0":{"type":"branch","line":20,"loc":{"start":{"line":20,"column":17},"end":{"line":37,"column":3}},"locations":[{"start":{"line":20,"column":17},"end":{"line":37,"column":3}}]},"1":{"type":"branch","line":22,"loc":{"start":{"line":22,"column":41},"end":{"line":25,"column":7}},"locations":[{"start":{"line":22,"column":41},"end":{"line":25,"column":7}}]},"2":{"type":"branch","line":26,"loc":{"start":{"line":26,"column":43},"end":{"line":30,"column":7}},"locations":[{"start":{"line":26,"column":43},"end":{"line":30,"column":7}}]},"3":{"type":"branch","line":31,"loc":{"start":{"line":31,"column":42},"end":{"line":36,"column":7}},"locations":[{"start":{"line":31,"column":42},"end":{"line":36,"column":7}}]},"4":{"type":"branch","line":35,"loc":{"start":{"line":35,"column":-2},"end":{"line":35,"column":50}},"locations":[{"start":{"line":35,"column":-2},"end":{"line":35,"column":50}}]}},"b":{"0":[2],"1":[3],"2":[2],"3":[1],"4":[0]},"fnMap":{"0":{"name":"extraReducers","decl":{"start":{"line":20,"column":17},"end":{"line":37,"column":3}},"loc":{"start":{"line":20,"column":17},"end":{"line":37,"column":3}},"line":20}},"f":{"0":2}}
,"E:\\frontend\\dev\\stellar-burgers\\src\\services\\ordersSlice.ts": {"path":"E:\\frontend\\dev\\stellar-burgers\\src\\services\\ordersSlice.ts","all":false,"statementMap":{"0":{"start":{"line":1,"column":0},"end":{"line":1,"column":65}},"1":{"start":{"line":2,"column":0},"end":{"line":2,"column":73}},"2":{"start":{"line":3,"column":0},"end":{"line":3,"column":51}},"3":{"start":{"line":4,"column":0},"end":{"line":4,"column":36}},"4":{"start":{"line":5,"column":0},"end":{"line":5,"column":50}},"5":{"start":{"line":6,"column":0},"end":{"line":6,"column":0}},"6":{"start":{"line":7,"column":0},"end":{"line":7,"column":35}},"7":{"start":{"line":8,"column":0},"end":{"line":8,"column":21}},"8":{"start":{"line":9,"column":0},"end":{"line":9,"column":23}},"9":{"start":{"line":10,"column":0},"end":{"line":10,"column":20}},"10":{"start":{"line":11,"column":0},"end":{"line":11,"column":22}},"11":{"start":{"line":12,"column":0},"end":{"line":12,"column":30}},"12":{"start":{"line":13,"column":0},"end":{"line":13,"column":18}},"13":{"start":{"line":14,"column":0},"end":{"line":14,"column":2}},"14":{"start":{"line":15,"column":0},"end":{"line":15,"column":0}},"15":{"start":{"line":16,"column":0},"end":{"line":16,"column":44}},"16":{"start":{"line":17,"column":0},"end":{"line":17,"column":22}},"17":{"start":{"line":18,"column":0},"end":{"line":18,"column":57}},"18":{"start":{"line":19,"column":0},"end":{"line":19,"column":9}},"19":{"start":{"line":20,"column":0},"end":{"line":20,"column":58}},"20":{"start":{"line":21,"column":0},"end":{"line":21,"column":27}},"21":{"start":{"line":22,"column":0},"end":{"line":22,"column":29}},"22":{"start":{"line":23,"column":0},"end":{"line":23,"column":29}},"23":{"start":{"line":24,"column":0},"end":{"line":24,"column":17}},"24":{"start":{"line":25,"column":0},"end":{"line":25,"column":55}},"25":{"start":{"line":26,"column":0},"end":{"line":26,"column":5}},"26":{"start":{"line":27,"column":0},"end":{"line":27,"column":3}},"27":{"start":{"line":28,"column":0},"end":{"line":28,"column":2}},"28":{"start":{"line":29,"column":0},"end":{"line":29,"column":0}},"29":{"start":{"line":30,"column":0},"end":{"line":30,"column":49}},"30":{"start":{"line":31,"column":0},"end":{"line":31,"column":29}},"31":{"start":{"line":32,"column":0},"end":{"line":32,"column":55}},"32":{"start":{"line":33,"column":0},"end":{"line":33,"column":9}},"33":{"start":{"line":34,"column":0},"end":{"line":34,"column":63}},"34":{"start":{"line":35,"column":0},"end":{"line":35,"column":33}},"35":{"start":{"line":36,"column":0},"end":{"line":36,"column":17}},"36":{"start":{"line":37,"column":0},"end":{"line":37,"column":63}},"37":{"start":{"line":38,"column":0},"end":{"line":38,"column":5}},"38":{"start":{"line":39,"column":0},"end":{"line":39,"column":3}},"39":{"start":{"line":40,"column":0},"end":{"line":40,"column":2}},"40":{"start":{"line":41,"column":0},"end":{"line":41,"column":0}},"41":{"start":{"line":42,"column":0},"end":{"line":42,"column":51}},"42":{"start":{"line":43,"column":0},"end":{"line":43,"column":29}},"43":{"start":{"line":44,"column":0},"end":{"line":44,"column":37}},"44":{"start":{"line":45,"column":0},"end":{"line":45,"column":9}},"45":{"start":{"line":46,"column":0},"end":{"line":46,"column":34}},"46":{"start":{"line":47,"column":0},"end":{"line":47,"column":17}},"47":{"start":{"line":48,"column":0},"end":{"line":48,"column":65}},"48":{"start":{"line":49,"column":0},"end":{"line":49,"column":5}},"49":{"start":{"line":50,"column":0},"end":{"line":50,"column":3}},"50":{"start":{"line":51,"column":0},"end":{"line":51,"column":2}},"51":{"start":{"line":52,"column":0},"end":{"line":52,"column":0}},"52":{"start":{"line":53,"column":0},"end":{"line":53,"column":39}},"53":{"start":{"line":54,"column":0},"end":{"line":54,"column":16}},"54":{"start":{"line":55,"column":0},"end":{"line":55,"column":15}},"55":{"start":{"line":56,"column":0},"end":{"line":56,"column":13}},"56":{"start":{"line":57,"column":0},"end":{"line":57,"column":33}},"57":{"start":{"line":58,"column":0},"end":{"line":58,"column":34}},"58":{"start":{"line":59,"column":0},"end":{"line":59,"column":5}},"59":{"start":{"line":60,"column":0},"end":{"line":60,"column":4}},"60":{"start":{"line":61,"column":0},"end":{"line":61,"column":16}},"61":{"start":{"line":62,"column":0},"end":{"line":62,"column":31}},"62":{"start":{"line":63,"column":0},"end":{"line":63,"column":11}},"63":{"start":{"line":64,"column":0},"end":{"line":64,"column":48}},"64":{"start":{"line":65,"column":0},"end":{"line":65,"column":34}},"65":{"start":{"line":66,"column":0},"end":{"line":66,"column":32}},"66":{"start":{"line":67,"column":0},"end":{"line":67,"column":8}},"67":{"start":{"line":68,"column":0},"end":{"line":68,"column":58}},"68":{"start":{"line":69,"column":0},"end":{"line":69,"column":35}},"69":{"start":{"line":70,"column":0},"end":{"line":70,"column":56}},"70":{"start":{"line":71,"column":0},"end":{"line":71,"column":8}},"71":{"start":{"line":72,"column":0},"end":{"line":72,"column":57}},"72":{"start":{"line":73,"column":0},"end":{"line":73,"column":35}},"73":{"start":{"line":74,"column":0},"end":{"line":74,"column":52}},"74":{"start":{"line":75,"column":0},"end":{"line":75,"column":8}},"75":{"start":{"line":76,"column":0},"end":{"line":76,"column":0}},"76":{"start":{"line":77,"column":0},"end":{"line":77,"column":53}},"77":{"start":{"line":78,"column":0},"end":{"line":78,"column":34}},"78":{"start":{"line":79,"column":0},"end":{"line":79,"column":32}},"79":{"start":{"line":80,"column":0},"end":{"line":80,"column":8}},"80":{"start":{"line":81,"column":0},"end":{"line":81,"column":63}},"81":{"start":{"line":82,"column":0},"end":{"line":82,"column":35}},"82":{"start":{"line":83,"column":0},"end":{"line":83,"column":44}},"83":{"start":{"line":84,"column":0},"end":{"line":84,"column":8}},"84":{"start":{"line":85,"column":0},"end":{"line":85,"column":62}},"85":{"start":{"line":86,"column":0},"end":{"line":86,"column":35}},"86":{"start":{"line":87,"column":0},"end":{"line":87,"column":52}},"87":{"start":{"line":88,"column":0},"end":{"line":88,"column":8}},"88":{"start":{"line":89,"column":0},"end":{"line":89,"column":0}},"89":{"start":{"line":90,"column":0},"end":{"line":90,"column":55}},"90":{"start":{"line":91,"column":0},"end":{"line":91,"column":42}},"91":{"start":{"line":92,"column":0},"end":{"line":92,"column":32}},"92":{"start":{"line":93,"column":0},"end":{"line":93,"column":8}},"93":{"start":{"line":94,"column":0},"end":{"line":94,"column":65}},"94":{"start":{"line":95,"column":0},"end":{"line":95,"column":43}},"95":{"start":{"line":96,"column":0},"end":{"line":96,"column":45}},"96":{"start":{"line":97,"column":0},"end":{"line":97,"column":8}},"97":{"start":{"line":98,"column":0},"end":{"line":98,"column":64}},"98":{"start":{"line":99,"column":0},"end":{"line":99,"column":43}},"99":{"start":{"line":100,"column":0},"end":{"line":100,"column":52}},"100":{"start":{"line":101,"column":0},"end":{"line":101,"column":9}},"101":{"start":{"line":102,"column":0},"end":{"line":102,"column":3}},"102":{"start":{"line":103,"column":0},"end":{"line":103,"column":3}},"103":{"start":{"line":104,"column":0},"end":{"line":104,"column":0}},"104":{"start":{"line":105,"column":0},"end":{"line":105,"column":50}},"105":{"start":{"line":106,"column":0},"end":{"line":106,"column":3}},"106":{"start":{"line":107,"column":0},"end":{"line":107,"column":59}},"107":{"start":{"line":108,"column":0},"end":{"line":108,"column":51}},"108":{"start":{"line":109,"column":0},"end":{"line":109,"column":58}},"109":{"start":{"line":110,"column":0},"end":{"line":110,"column":55}},"110":{"start":{"line":111,"column":0},"end":{"line":111,"column":4}},"111":{"start":{"line":112,"column":0},"end":{"line":112,"column":61}},"112":{"start":{"line":113,"column":0},"end":{"line":113,"column":34}},"113":{"start":{"line":114,"column":0},"end":{"line":114,"column":0}},"114":{"start":{"line":115,"column":0},"end":{"line":115,"column":41}},"115":{"start":{"line":116,"column":0},"end":{"line":116,"column":0}},"116":{"start":{"line":117,"column":0},"end":{"line":117,"column":12}},"117":{"start":{"line":118,"column":0},"end":{"line":118,"column":66}},"118":{"start":{"line":119,"column":0},"end":{"line":119,"column":63}},"119":{"start":{"line":120,"column":0},"end":{"line":120,"column":66}},"120":{"start":{"line":121,"column":0},"end":{"line":121,"column":10}},"121":{"start":{"line":122,"column":0},"end":{"line":122,"column":6}},"122":{"start":{"line":123,"column":0},"end":{"line":123,"column":3}},"123":{"start":{"line":124,"column":0},"end":{"line":124,"column":2}},"124":{"start":{"line":125,"column":0},"end":{"line":125,"column":54}},"125":{"start":{"line":126,"column":0},"end":{"line":126,"column":47}}},"s":{"0":1,"1":0,"2":1,"3":1,"4":1,"5":1,"6":1,"7":1,"8":1,"9":1,"10":1,"11":1,"12":1,"13":1,"14":1,"15":1,"16":1,"17":1,"18":0,"19":0,"20":0,"21":0,"22":0,"23":0,"24":0,"25":1,"26":1,"27":1,"28":1,"29":1,"30":1,"31":1,"32":0,"33":0,"34":0,"35":0,"36":0,"37":1,"38":1,"39":1,"40":1,"41":1,"42":1,"43":1,"44":0,"45":0,"46":0,"47":0,"48":1,"49":1,"50":1,"51":1,"52":1,"53":1,"54":1,"55":1,"56":1,"57":0,"58":0,"59":1,"60":1,"61":1,"62":1,"63":1,"64":0,"65":0,"66":1,"67":1,"68":0,"69":0,"70":1,"71":1,"72":0,"73":0,"74":1,"75":1,"76":1,"77":0,"78":0,"79":1,"80":1,"81":0,"82":0,"83":1,"84":1,"85":0,"86":0,"87":1,"88":1,"89":1,"90":0,"91":0,"92":1,"93":1,"94":0,"95":0,"96":1,"97":1,"98":0,"99":0,"100":1,"101":1,"102":1,"103":1,"104":1,"105":1,"106":1,"107":1,"108":1,"109":1,"110":1,"111":1,"112":0,"113":0,"114":0,"115":0,"116":0,"117":0,"118":0,"119":0,"120":0,"121":0,"122":0,"123":1,"124":1,"125":1},"branchMap":{"0":{"type":"branch","line":2,"loc":{"start":{"line":2,"column":0},"end":{"line":2,"column":73}},"locations":[{"start":{"line":2,"column":0},"end":{"line":2,"column":73}}]},"1":{"type":"branch","line":2,"loc":{"start":{"line":2,"column":0},"end":{"line":2,"column":73}},"locations":[{"start":{"line":2,"column":0},"end":{"line":2,"column":73}}]},"2":{"type":"branch","line":2,"loc":{"start":{"line":2,"column":0},"end":{"line":2,"column":73}},"locations":[{"start":{"line":2,"column":0},"end":{"line":2,"column":73}}]},"3":{"type":"branch","line":2,"loc":{"start":{"line":2,"column":0},"end":{"line":2,"column":73}},"locations":[{"start":{"line":2,"column":0},"end":{"line":2,"column":73}}]},"4":{"type":"branch","line":2,"loc":{"start":{"line":2,"column":0},"end":{"line":2,"column":73}},"locations":[{"start":{"line":2,"column":0},"end":{"line":2,"column":73}}]},"5":{"type":"branch","line":2,"loc":{"start":{"line":2,"column":0},"end":{"line":2,"column":73}},"locations":[{"start":{"line":2,"column":0},"end":{"line":2,"column":73}}]},"6":{"type":"branch","line":2,"loc":{"start":{"line":2,"column":0},"end":{"line":2,"column":73}},"locations":[{"start":{"line":2,"column":0},"end":{"line":2,"column":73}}]},"7":{"type":"branch","line":2,"loc":{"start":{"line":2,"column":0},"end":{"line":2,"column":73}},"locations":[{"start":{"line":2,"column":0},"end":{"line":2,"column":73}}]},"8":{"type":"branch","line":2,"loc":{"start":{"line":2,"column":0},"end":{"line":2,"column":73}},"locations":[{"start":{"line":2,"column":0},"end":{"line":2,"column":73}}]},"9":{"type":"branch","line":2,"loc":{"start":{"line":2,"column":0},"end":{"line":2,"column":73}},"locations":[{"start":{"line":2,"column":0},"end":{"line":2,"column":73}}]},"10":{"type":"branch","line":2,"loc":{"start":{"line":2,"column":0},"end":{"line":2,"column":73}},"locations":[{"start":{"line":2,"column":0},"end":{"line":2,"column":73}}]},"11":{"type":"branch","line":2,"loc":{"start":{"line":2,"column":0},"end":{"line":2,"column":73}},"locations":[{"start":{"line":2,"column":0},"end":{"line":2,"column":73}}]},"12":{"type":"branch","line":2,"loc":{"start":{"line":2,"column":0},"end":{"line":2,"column":73}},"locations":[{"start":{"line":2,"column":0},"end":{"line":2,"column":73}}]},"13":{"type":"branch","line":2,"loc":{"start":{"line":2,"column":0},"end":{"line":2,"column":73}},"locations":[{"start":{"line":2,"column":0},"end":{"line":2,"column":73}}]},"14":{"type":"branch","line":2,"loc":{"start":{"line":2,"column":0},"end":{"line":2,"column":73}},"locations":[{"start":{"line":2,"column":0},"end":{"line":2,"column":73}}]},"15":{"type":"branch","line":17,"loc":{"start":{"line":17,"column":21},"end":{"line":27,"column":3}},"locations":[{"start":{"line":17,"column":21},"end":{"line":27,"column":3}}]},"16":{"type":"branch","line":31,"loc":{"start":{"line":31,"column":28},"end":{"line":39,"column":3}},"locations":[{"start":{"line":31,"column":28},"end":{"line":39,"column":3}}]},"17":{"type":"branch","line":43,"loc":{"start":{"line":43,"column":28},"end":{"line":50,"column":3}},"locations":[{"start":{"line":43,"column":28},"end":{"line":50,"column":3}}]},"18":{"type":"branch","line":62,"loc":{"start":{"line":62,"column":17},"end":{"line":102,"column":3}},"locations":[{"start":{"line":62,"column":17},"end":{"line":102,"column":3}}]}},"b":{"0":[0],"1":[0],"2":[0],"3":[0],"4":[4],"5":[0],"6":[1],"7":[1],"8":[0],"9":[10],"10":[9],"11":[0],"12":[1],"13":[3],"14":[3],"15":[1],"16":[1],"17":[1],"18":[1]},"fnMap":{"0":{"name":"i","decl":{"start":{"line":2,"column":0},"end":{"line":2,"column":73}},"loc":{"start":{"line":2,"column":0},"end":{"line":2,"column":73}},"line":2},"1":{"name":"Generator","decl":{"start":{"line":2,"column":0},"end":{"line":2,"column":73}},"loc":{"start":{"line":2,"column":0},"end":{"line":2,"column":73}},"line":2},"2":{"name":"GeneratorFunction","decl":{"start":{"line":2,"column":0},"end":{"line":2,"column":73}},"loc":{"start":{"line":2,"column":0},"end":{"line":2,"column":73}},"line":2},"3":{"name":"GeneratorFunctionPrototype","decl":{"start":{"line":2,"column":0},"end":{"line":2,"column":73}},"loc":{"start":{"line":2,"column":0},"end":{"line":2,"column":73}},"line":2},"4":{"name":"f","decl":{"start":{"line":2,"column":0},"end":{"line":2,"column":73}},"loc":{"start":{"line":2,"column":0},"end":{"line":2,"column":73}},"line":2},"5":{"name":"_regenerator","decl":{"start":{"line":2,"column":0},"end":{"line":2,"column":73}},"loc":{"start":{"line":2,"column":0},"end":{"line":2,"column":73}},"line":2},"6":{"name":"_regeneratorDefine2","decl":{"start":{"line":2,"column":0},"end":{"line":2,"column":73}},"loc":{"start":{"line":2,"column":0},"end":{"line":2,"column":73}},"line":2},"7":{"name":"_regeneratorDefine","decl":{"start":{"line":2,"column":0},"end":{"line":2,"column":73}},"loc":{"start":{"line":2,"column":0},"end":{"line":2,"column":73}},"line":2},"8":{"name":"o","decl":{"start":{"line":2,"column":0},"end":{"line":2,"column":73}},"loc":{"start":{"line":2,"column":0},"end":{"line":2,"column":73}},"line":2},"9":{"name":"_OverloadYield","decl":{"start":{"line":2,"column":0},"end":{"line":2,"column":73}},"loc":{"start":{"line":2,"column":0},"end":{"line":2,"column":73}},"line":2},"10":{"name":"asyncGeneratorStep","decl":{"start":{"line":2,"column":0},"end":{"line":2,"column":73}},"loc":{"start":{"line":2,"column":0},"end":{"line":2,"column":73}},"line":2},"11":{"name":"_asyncToGenerator","decl":{"start":{"line":2,"column":0},"end":{"line":2,"column":73}},"loc":{"start":{"line":2,"column":0},"end":{"line":2,"column":73}},"line":2},"12":{"name":"_callee","decl":{"start":{"line":18,"column":2},"end":{"line":25,"column":55}},"loc":{"start":{"line":18,"column":2},"end":{"line":25,"column":55}},"line":18},"13":{"name":"_callee2","decl":{"start":{"line":32,"column":2},"end":{"line":37,"column":63}},"loc":{"start":{"line":32,"column":2},"end":{"line":37,"column":63}},"line":32},"14":{"name":"_callee3","decl":{"start":{"line":44,"column":2},"end":{"line":48,"column":65}},"loc":{"start":{"line":44,"column":2},"end":{"line":48,"column":65}},"line":44},"15":{"name":"clearOrderModal","decl":{"start":{"line":57,"column":21},"end":{"line":59,"column":5}},"loc":{"start":{"line":57,"column":21},"end":{"line":59,"column":5}},"line":57},"16":{"name":"extraReducers","decl":{"start":{"line":62,"column":17},"end":{"line":102,"column":3}},"loc":{"start":{"line":62,"column":17},"end":{"line":102,"column":3}},"line":62},"17":{"name":"Object.<anonymous>.selectOrderByNumber","decl":{"start":{"line":107,"column":4},"end":{"line":107,"column":59}},"loc":{"start":{"line":107,"column":4},"end":{"line":107,"column":59}},"line":107},"18":{"name":"Object.<anonymous>.selectOrderByNumber","decl":{"start":{"line":108,"column":4},"end":{"line":108,"column":51}},"loc":{"start":{"line":108,"column":4},"end":{"line":108,"column":51}},"line":108},"19":{"name":"Object.<anonymous>.selectOrderByNumber","decl":{"start":{"line":109,"column":4},"end":{"line":109,"column":58}},"loc":{"start":{"line":109,"column":4},"end":{"line":109,"column":58}},"line":109}},"f":{"0":0,"1":0,"2":0,"3":0,"4":4,"5":1,"6":1,"7":10,"8":3,"9":0,"10":0,"11":3,"12":0,"13":0,"14":0,"15":0,"16":1,"17":0,"18":0,"19":0}}
,"E:\\frontend\\dev\\stellar-burgers\\src\\services\\store.ts": {"path":"E:\\frontend\\dev\\stellar-burgers\\src\\services\\store.ts","all":false,"statementMap":{"0":{"start":{"line":1,"column":0},"end":{"line":1,"column":50}},"1":{"start":{"line":2,"column":0},"end":{"line":2,"column":8}},"2":{"start":{"line":3,"column":0},"end":{"line":3,"column":23}},"3":{"start":{"line":4,"column":0},"end":{"line":4,"column":30}},"4":{"start":{"line":5,"column":0},"end":{"line":5,"column":29}},"5":{"start":{"line":6,"column":0},"end":{"line":6,"column":21}},"6":{"start":{"line":7,"column":0},"end":{"line":7,"column":51}},"7":{"start":{"line":8,"column":0},"end":{"line":8,"column":56}},"8":{"start":{"line":9,"column":0},"end":{"line":9,"column":56}},"9":{"start":{"line":10,"column":0},"end":{"line":10,"column":42}},"10":{"start":{"line":11,"column":0},"end":{"line":11,"column":45}},"11":{"start":{"line":12,"column":0},"end":{"line":12,"column":42}},"12":{"start":{"line":13,"column":0},"end":{"line":13,"column":0}},"13":{"start":{"line":14,"column":0},"end":{"line":14,"column":44}},"14":{"start":{"line":15,"column":0},"end":{"line":15,"column":21}},"15":{"start":{"line":16,"column":0},"end":{"line":16,"column":21}},"16":{"start":{"line":17,"column":0},"end":{"line":17,"column":14}},"17":{"start":{"line":18,"column":0},"end":{"line":18,"column":15}},"18":{"start":{"line":19,"column":0},"end":{"line":19,"column":13}},"19":{"start":{"line":20,"column":0},"end":{"line":20,"column":3}},"20":{"start":{"line":21,"column":0},"end":{"line":21,"column":0}},"21":{"start":{"line":22,"column":0},"end":{"line":22,"column":30}},"22":{"start":{"line":23,"column":0},"end":{"line":23,"column":23}},"23":{"start":{"line":24,"column":0},"end":{"line":24,"column":49}},"24":{"start":{"line":25,"column":0},"end":{"line":25,"column":3}},"25":{"start":{"line":26,"column":0},"end":{"line":26,"column":0}},"26":{"start":{"line":27,"column":0},"end":{"line":27,"column":64}},"27":{"start":{"line":28,"column":0},"end":{"line":28,"column":0}},"28":{"start":{"line":29,"column":0},"end":{"line":29,"column":55}},"29":{"start":{"line":30,"column":0},"end":{"line":30,"column":48}},"30":{"start":{"line":31,"column":0},"end":{"line":31,"column":0}},"31":{"start":{"line":32,"column":0},"end":{"line":32,"column":67}},"32":{"start":{"line":33,"column":0},"end":{"line":33,"column":73}},"33":{"start":{"line":34,"column":0},"end":{"line":34,"column":0}},"34":{"start":{"line":35,"column":0},"end":{"line":35,"column":21}},"35":{"start":{"line":36,"column":0},"end":{"line":36,"column":0}},"36":{"start":{"line":37,"column":0},"end":{"line":37,"column":70}}},"s":{"0":1,"1":1,"2":1,"3":1,"4":1,"5":1,"6":1,"7":1,"8":1,"9":1,"10":1,"11":1,"12":1,"13":1,"14":1,"15":1,"16":1,"17":1,"18":1,"19":1,"20":1,"21":1,"22":1,"23":1,"24":1,"25":1,"26":1,"27":1,"28":1,"29":1,"30":1,"31":1,"32":1,"33":1,"34":1,"35":1,"36":1},"branchMap":{},"b":{},"fnMap":{"0":{"name":"useDispatch","decl":{"start":{"line":32,"column":46},"end":{"line":32,"column":67}},"loc":{"start":{"line":32,"column":46},"end":{"line":32,"column":67}},"line":32},"1":{"name":"selectUserData","decl":{"start":{"line":37,"column":30},"end":{"line":37,"column":70}},"loc":{"start":{"line":37,"column":30},"end":{"line":37,"column":70}},"line":37}},"f":{"0":0,"1":0}}
,"E:\\frontend\\dev\\stellar-burgers\\src\\services\\userSlice.ts": {"path":"E:\\frontend\\dev\\stellar-burgers\\src\\services\\userSlice.ts","all":false,"statementMap":{"0":{"start":{"line":1,"column":0},"end":{"line":1,"column":65}},"1":{"start":{"line":2,"column":0},"end":{"line":2,"column":42}},"2":{"start":{"line":3,"column":0},"end":{"line":3,"column":8}},"3":{"start":{"line":4,"column":0},"end":{"line":4,"column":16}},"4":{"start":{"line":5,"column":0},"end":{"line":5,"column":18}},"5":{"start":{"line":6,"column":0},"end":{"line":6,"column":13}},"6":{"start":{"line":7,"column":0},"end":{"line":7,"column":15}},"7":{"start":{"line":8,"column":0},"end":{"line":8,"column":13}},"8":{"start":{"line":9,"column":0},"end":{"line":9,"column":12}},"9":{"start":{"line":10,"column":0},"end":{"line":10,"column":15}},"10":{"start":{"line":11,"column":0},"end":{"line":11,"column":14}},"11":{"start":{"line":12,"column":0},"end":{"line":12,"column":69}},"12":{"start":{"line":13,"column":0},"end":{"line":13,"column":0}},"13":{"start":{"line":14,"column":0},"end":{"line":14,"column":34}},"14":{"start":{"line":15,"column":0},"end":{"line":15,"column":16}},"15":{"start":{"line":16,"column":0},"end":{"line":16,"column":20}},"16":{"start":{"line":17,"column":0},"end":{"line":17,"column":13}},"17":{"start":{"line":18,"column":0},"end":{"line":18,"column":23}},"18":{"start":{"line":19,"column":0},"end":{"line":19,"column":26}},"19":{"start":{"line":20,"column":0},"end":{"line":20,"column":26}},"20":{"start":{"line":21,"column":0},"end":{"line":21,"column":29}},"21":{"start":{"line":22,"column":0},"end":{"line":22,"column":24}},"22":{"start":{"line":23,"column":0},"end":{"line":23,"column":26}},"23":{"start":{"line":24,"column":0},"end":{"line":24,"column":2}},"24":{"start":{"line":25,"column":0},"end":{"line":25,"column":0}},"25":{"start":{"line":26,"column":0},"end":{"line":26,"column":45}},"26":{"start":{"line":27,"column":0},"end":{"line":27,"column":22}},"27":{"start":{"line":28,"column":0},"end":{"line":28,"column":59}},"28":{"start":{"line":29,"column":0},"end":{"line":29,"column":53}},"29":{"start":{"line":30,"column":0},"end":{"line":30,"column":0}},"30":{"start":{"line":31,"column":0},"end":{"line":31,"column":29}},"31":{"start":{"line":32,"column":0},"end":{"line":32,"column":64}},"32":{"start":{"line":33,"column":0},"end":{"line":33,"column":5}},"33":{"start":{"line":34,"column":0},"end":{"line":34,"column":0}},"34":{"start":{"line":35,"column":0},"end":{"line":35,"column":51}},"35":{"start":{"line":36,"column":0},"end":{"line":36,"column":64}},"36":{"start":{"line":37,"column":0},"end":{"line":37,"column":0}},"37":{"start":{"line":38,"column":0},"end":{"line":38,"column":25}},"38":{"start":{"line":39,"column":0},"end":{"line":39,"column":3}},"39":{"start":{"line":40,"column":0},"end":{"line":40,"column":2}},"40":{"start":{"line":41,"column":0},"end":{"line":41,"column":0}},"41":{"start":{"line":42,"column":0},"end":{"line":42,"column":42}},"42":{"start":{"line":43,"column":0},"end":{"line":43,"column":19}},"43":{"start":{"line":44,"column":0},"end":{"line":44,"column":67}},"44":{"start":{"line":45,"column":0},"end":{"line":45,"column":57}},"45":{"start":{"line":46,"column":0},"end":{"line":46,"column":0}},"46":{"start":{"line":47,"column":0},"end":{"line":47,"column":25}},"47":{"start":{"line":48,"column":0},"end":{"line":48,"column":55}},"48":{"start":{"line":49,"column":0},"end":{"line":49,"column":5}},"49":{"start":{"line":50,"column":0},"end":{"line":50,"column":0}},"50":{"start":{"line":51,"column":0},"end":{"line":51,"column":47}},"51":{"start":{"line":52,"column":0},"end":{"line":52,"column":60}},"52":{"start":{"line":53,"column":0},"end":{"line":53,"column":0}},"53":{"start":{"line":54,"column":0},"end":{"line":54,"column":21}},"54":{"start":{"line":55,"column":0},"end":{"line":55,"column":3}},"55":{"start":{"line":56,"column":0},"end":{"line":56,"column":2}},"56":{"start":{"line":57,"column":0},"end":{"line":57,"column":0}},"57":{"start":{"line":58,"column":0},"end":{"line":58,"column":46}},"58":{"start":{"line":59,"column":0},"end":{"line":59,"column":19}},"59":{"start":{"line":60,"column":0},"end":{"line":60,"column":36}},"60":{"start":{"line":61,"column":0},"end":{"line":61,"column":35}},"61":{"start":{"line":62,"column":0},"end":{"line":62,"column":11}},"62":{"start":{"line":63,"column":0},"end":{"line":63,"column":44}},"63":{"start":{"line":64,"column":0},"end":{"line":64,"column":31}},"64":{"start":{"line":65,"column":0},"end":{"line":65,"column":43}},"65":{"start":{"line":66,"column":0},"end":{"line":66,"column":9}},"66":{"start":{"line":67,"column":0},"end":{"line":67,"column":19}},"67":{"start":{"line":68,"column":0},"end":{"line":68,"column":36}},"68":{"start":{"line":69,"column":0},"end":{"line":69,"column":7}},"69":{"start":{"line":70,"column":0},"end":{"line":70,"column":5}},"70":{"start":{"line":71,"column":0},"end":{"line":71,"column":28}},"71":{"start":{"line":72,"column":0},"end":{"line":72,"column":3}},"72":{"start":{"line":73,"column":0},"end":{"line":73,"column":2}},"73":{"start":{"line":74,"column":0},"end":{"line":74,"column":0}},"74":{"start":{"line":75,"column":0},"end":{"line":75,"column":43}},"75":{"start":{"line":76,"column":0},"end":{"line":76,"column":20}},"76":{"start":{"line":77,"column":0},"end":{"line":77,"column":74}},"77":{"start":{"line":78,"column":0},"end":{"line":78,"column":51}},"78":{"start":{"line":79,"column":0},"end":{"line":79,"column":28}},"79":{"start":{"line":80,"column":0},"end":{"line":80,"column":21}},"80":{"start":{"line":81,"column":0},"end":{"line":81,"column":65}},"81":{"start":{"line":82,"column":0},"end":{"line":82,"column":3}},"82":{"start":{"line":83,"column":0},"end":{"line":83,"column":2}},"83":{"start":{"line":84,"column":0},"end":{"line":84,"column":0}},"84":{"start":{"line":85,"column":0},"end":{"line":85,"column":43}},"85":{"start":{"line":86,"column":0},"end":{"line":86,"column":20}},"86":{"start":{"line":87,"column":0},"end":{"line":87,"column":36}},"87":{"start":{"line":88,"column":0},"end":{"line":88,"column":9}},"88":{"start":{"line":89,"column":0},"end":{"line":89,"column":24}},"89":{"start":{"line":90,"column":0},"end":{"line":90,"column":27}},"90":{"start":{"line":91,"column":0},"end":{"line":91,"column":34}},"91":{"start":{"line":92,"column":0},"end":{"line":92,"column":29}},"92":{"start":{"line":93,"column":0},"end":{"line":93,"column":17}},"93":{"start":{"line":94,"column":0},"end":{"line":94,"column":44}},"94":{"start":{"line":95,"column":0},"end":{"line":95,"column":5}},"95":{"start":{"line":96,"column":0},"end":{"line":96,"column":3}},"96":{"start":{"line":97,"column":0},"end":{"line":97,"column":2}},"97":{"start":{"line":98,"column":0},"end":{"line":98,"column":0}},"98":{"start":{"line":99,"column":0},"end":{"line":99,"column":38}},"99":{"start":{"line":100,"column":0},"end":{"line":100,"column":15}},"100":{"start":{"line":101,"column":0},"end":{"line":101,"column":15}},"101":{"start":{"line":102,"column":0},"end":{"line":102,"column":13}},"102":{"start":{"line":103,"column":0},"end":{"line":103,"column":29}},"103":{"start":{"line":104,"column":0},"end":{"line":104,"column":26}},"104":{"start":{"line":105,"column":0},"end":{"line":105,"column":6}},"105":{"start":{"line":106,"column":0},"end":{"line":106,"column":33}},"106":{"start":{"line":107,"column":0},"end":{"line":107,"column":34}},"107":{"start":{"line":108,"column":0},"end":{"line":108,"column":30}},"108":{"start":{"line":109,"column":0},"end":{"line":109,"column":6}},"109":{"start":{"line":110,"column":0},"end":{"line":110,"column":28}},"110":{"start":{"line":111,"column":0},"end":{"line":111,"column":24}},"111":{"start":{"line":112,"column":0},"end":{"line":112,"column":31}},"112":{"start":{"line":113,"column":0},"end":{"line":113,"column":5}},"113":{"start":{"line":114,"column":0},"end":{"line":114,"column":4}},"114":{"start":{"line":115,"column":0},"end":{"line":115,"column":31}},"115":{"start":{"line":116,"column":0},"end":{"line":116,"column":11}},"116":{"start":{"line":117,"column":0},"end":{"line":117,"column":49}},"117":{"start":{"line":118,"column":0},"end":{"line":118,"column":41}},"118":{"start":{"line":119,"column":0},"end":{"line":119,"column":39}},"119":{"start":{"line":120,"column":0},"end":{"line":120,"column":8}},"120":{"start":{"line":121,"column":0},"end":{"line":121,"column":59}},"121":{"start":{"line":122,"column":0},"end":{"line":122,"column":42}},"122":{"start":{"line":123,"column":0},"end":{"line":123,"column":39}},"123":{"start":{"line":124,"column":0},"end":{"line":124,"column":36}},"124":{"start":{"line":125,"column":0},"end":{"line":125,"column":32}},"125":{"start":{"line":126,"column":0},"end":{"line":126,"column":28}},"126":{"start":{"line":127,"column":0},"end":{"line":127,"column":8}},"127":{"start":{"line":128,"column":0},"end":{"line":128,"column":58}},"128":{"start":{"line":129,"column":0},"end":{"line":129,"column":42}},"129":{"start":{"line":130,"column":0},"end":{"line":130,"column":59}},"130":{"start":{"line":131,"column":0},"end":{"line":131,"column":8}},"131":{"start":{"line":132,"column":0},"end":{"line":132,"column":0}},"132":{"start":{"line":133,"column":0},"end":{"line":133,"column":46}},"133":{"start":{"line":134,"column":0},"end":{"line":134,"column":38}},"134":{"start":{"line":135,"column":0},"end":{"line":135,"column":36}},"135":{"start":{"line":136,"column":0},"end":{"line":136,"column":8}},"136":{"start":{"line":137,"column":0},"end":{"line":137,"column":56}},"137":{"start":{"line":138,"column":0},"end":{"line":138,"column":39}},"138":{"start":{"line":139,"column":0},"end":{"line":139,"column":36}},"139":{"start":{"line":140,"column":0},"end":{"line":140,"column":36}},"140":{"start":{"line":141,"column":0},"end":{"line":141,"column":32}},"141":{"start":{"line":142,"column":0},"end":{"line":142,"column":28}},"142":{"start":{"line":143,"column":0},"end":{"line":143,"column":8}},"143":{"start":{"line":144,"column":0},"end":{"line":144,"column":55}},"144":{"start":{"line":145,"column":0},"end":{"line":145,"column":39}},"145":{"start":{"line":146,"column":0},"end":{"line":146,"column":56}},"146":{"start":{"line":147,"column":0},"end":{"line":147,"column":28}},"147":{"start":{"line":148,"column":0},"end":{"line":148,"column":8}},"148":{"start":{"line":149,"column":0},"end":{"line":149,"column":0}},"149":{"start":{"line":150,"column":0},"end":{"line":150,"column":47}},"150":{"start":{"line":151,"column":0},"end":{"line":151,"column":39}},"151":{"start":{"line":152,"column":0},"end":{"line":152,"column":37}},"152":{"start":{"line":153,"column":0},"end":{"line":153,"column":8}},"153":{"start":{"line":154,"column":0},"end":{"line":154,"column":57}},"154":{"start":{"line":155,"column":0},"end":{"line":155,"column":40}},"155":{"start":{"line":156,"column":0},"end":{"line":156,"column":37}},"156":{"start":{"line":157,"column":0},"end":{"line":157,"column":36}},"157":{"start":{"line":158,"column":0},"end":{"line":158,"column":8}},"158":{"start":{"line":159,"column":0},"end":{"line":159,"column":56}},"159":{"start":{"line":160,"column":0},"end":{"line":160,"column":40}},"160":{"start":{"line":161,"column":0},"end":{"line":161,"column":57}},"161":{"start":{"line":162,"column":0},"end":{"line":162,"column":9}},"162":{"start":{"line":163,"column":0},"end":{"line":163,"column":3}},"163":{"start":{"line":164,"column":0},"end":{"line":164,"column":3}},"164":{"start":{"line":165,"column":0},"end":{"line":165,"column":0}},"165":{"start":{"line":166,"column":0},"end":{"line":166,"column":70}},"166":{"start":{"line":167,"column":0},"end":{"line":167,"column":45}}},"s":{"0":1,"1":0,"2":1,"3":1,"4":1,"5":1,"6":1,"7":1,"8":1,"9":1,"10":1,"11":1,"12":1,"13":1,"14":1,"15":1,"16":1,"17":1,"18":1,"19":1,"20":1,"21":1,"22":1,"23":1,"24":1,"25":1,"26":1,"27":1,"28":0,"29":0,"30":0,"31":0,"32":0,"33":0,"34":0,"35":0,"36":0,"37":0,"38":1,"39":1,"40":1,"41":1,"42":1,"43":1,"44":0,"45":0,"46":0,"47":0,"48":0,"49":0,"50":0,"51":0,"52":0,"53":0,"54":1,"55":1,"56":1,"57":1,"58":1,"59":1,"60":0,"61":0,"62":0,"63":0,"64":0,"65":0,"66":0,"67":0,"68":0,"69":0,"70":0,"71":1,"72":1,"73":1,"74":1,"75":1,"76":1,"77":0,"78":0,"79":0,"80":0,"81":1,"82":1,"83":1,"84":1,"85":1,"86":1,"87":0,"88":0,"89":0,"90":0,"91":0,"92":0,"93":0,"94":1,"95":1,"96":1,"97":1,"98":1,"99":1,"100":1,"101":1,"102":1,"103":0,"104":1,"105":1,"106":0,"107":0,"108":1,"109":1,"110":0,"111":0,"112":0,"113":1,"114":1,"115":1,"116":1,"117":0,"118":0,"119":1,"120":1,"121":0,"122":0,"123":0,"124":0,"125":0,"126":1,"127":1,"128":0,"129":0,"130":1,"131":1,"132":1,"133":0,"134":0,"135":1,"136":1,"137":0,"138":0,"139":0,"140":0,"141":0,"142":1,"143":1,"144":0,"145":0,"146":0,"147":1,"148":1,"149":1,"150":0,"151":0,"152":1,"153":1,"154":0,"155":0,"156":0,"157":1,"158":1,"159":0,"160":0,"161":1,"162":1,"163":1,"164":1,"165":1,"166":1},"branchMap":{"0":{"type":"branch","line":2,"loc":{"start":{"line":2,"column":0},"end":{"line":2,"column":42}},"locations":[{"start":{"line":2,"column":0},"end":{"line":2,"column":42}}]},"1":{"type":"branch","line":2,"loc":{"start":{"line":2,"column":0},"end":{"line":2,"column":42}},"locations":[{"start":{"line":2,"column":0},"end":{"line":2,"column":42}}]},"2":{"type":"branch","line":2,"loc":{"start":{"line":2,"column":0},"end":{"line":2,"column":42}},"locations":[{"start":{"line":2,"column":0},"end":{"line":2,"column":42}}]},"3":{"type":"branch","line":2,"loc":{"start":{"line":2,"column":0},"end":{"line":2,"column":42}},"locations":[{"start":{"line":2,"column":0},"end":{"line":2,"column":42}}]},"4":{"type":"branch","line":2,"loc":{"start":{"line":2,"column":0},"end":{"line":2,"column":42}},"locations":[{"start":{"line":2,"column":0},"end":{"line":2,"column":42}}]},"5":{"type":"branch","line":2,"loc":{"start":{"line":2,"column":0},"end":{"line":2,"column":42}},"locations":[{"start":{"line":2,"column":0},"end":{"line":2,"column":42}}]},"6":{"type":"branch","line":2,"loc":{"start":{"line":2,"column":0},"end":{"line":2,"column":42}},"locations":[{"start":{"line":2,"column":0},"end":{"line":2,"column":42}}]},"7":{"type":"branch","line":2,"loc":{"start":{"line":2,"column":0},"end":{"line":2,"column":42}},"locations":[{"start":{"line":2,"column":0},"end":{"line":2,"column":42}}]},"8":{"type":"branch","line":27,"loc":{"start":{"line":27,"column":21},"end":{"line":39,"column":3}},"locations":[{"start":{"line":27,"column":21},"end":{"line":39,"column":3}}]},"9":{"type":"branch","line":43,"loc":{"start":{"line":43,"column":18},"end":{"line":55,"column":3}},"locations":[{"start":{"line":43,"column":18},"end":{"line":55,"column":3}}]},"10":{"type":"branch","line":59,"loc":{"start":{"line":59,"column":18},"end":{"line":72,"column":3}},"locations":[{"start":{"line":59,"column":18},"end":{"line":72,"column":3}}]},"11":{"type":"branch","line":76,"loc":{"start":{"line":76,"column":19},"end":{"line":82,"column":3}},"locations":[{"start":{"line":76,"column":19},"end":{"line":82,"column":3}}]},"12":{"type":"branch","line":86,"loc":{"start":{"line":86,"column":19},"end":{"line":96,"column":3}},"locations":[{"start":{"line":86,"column":19},"end":{"line":96,"column":3}}]},"13":{"type":"branch","line":115,"loc":{"start":{"line":115,"column":17},"end":{"line":163,"column":3}},"locations":[{"start":{"line":115,"column":17},"end":{"line":163,"column":3}}]}},"b":{"0":[1],"1":[0],"2":[10],"3":[9],"4":[0],"5":[1],"6":[3],"7":[5],"8":[1],"9":[1],"10":[1],"11":[1],"12":[1],"13":[1]},"fnMap":{"0":{"name":"_regeneratorDefine2","decl":{"start":{"line":2,"column":0},"end":{"line":2,"column":42}},"loc":{"start":{"line":2,"column":0},"end":{"line":2,"column":42}},"line":2},"1":{"name":"_regeneratorDefine","decl":{"start":{"line":2,"column":0},"end":{"line":2,"column":42}},"loc":{"start":{"line":2,"column":0},"end":{"line":2,"column":42}},"line":2},"2":{"name":"o","decl":{"start":{"line":2,"column":0},"end":{"line":2,"column":42}},"loc":{"start":{"line":2,"column":0},"end":{"line":2,"column":42}},"line":2},"3":{"name":"_OverloadYield","decl":{"start":{"line":2,"column":0},"end":{"line":2,"column":42}},"loc":{"start":{"line":2,"column":0},"end":{"line":2,"column":42}},"line":2},"4":{"name":"asyncGeneratorStep","decl":{"start":{"line":2,"column":0},"end":{"line":2,"column":42}},"loc":{"start":{"line":2,"column":0},"end":{"line":2,"column":42}},"line":2},"5":{"name":"_asyncToGenerator","decl":{"start":{"line":2,"column":0},"end":{"line":2,"column":42}},"loc":{"start":{"line":2,"column":0},"end":{"line":2,"column":42}},"line":2},"6":{"name":"_callee","decl":{"start":{"line":28,"column":2},"end":{"line":38,"column":25}},"loc":{"start":{"line":28,"column":2},"end":{"line":38,"column":25}},"line":28},"7":{"name":"_callee2","decl":{"start":{"line":44,"column":2},"end":{"line":54,"column":21}},"loc":{"start":{"line":44,"column":2},"end":{"line":54,"column":21}},"line":44},"8":{"name":"_callee3","decl":{"start":{"line":60,"column":2},"end":{"line":71,"column":28}},"loc":{"start":{"line":60,"column":2},"end":{"line":71,"column":28}},"line":60},"9":{"name":"_callee4","decl":{"start":{"line":77,"column":2},"end":{"line":81,"column":65}},"loc":{"start":{"line":77,"column":2},"end":{"line":81,"column":65}},"line":77},"10":{"name":"_callee5","decl":{"start":{"line":87,"column":2},"end":{"line":94,"column":44}},"loc":{"start":{"line":87,"column":2},"end":{"line":94,"column":44}},"line":87},"11":{"name":"authChecked","decl":{"start":{"line":103,"column":17},"end":{"line":105,"column":5}},"loc":{"start":{"line":103,"column":17},"end":{"line":105,"column":5}},"line":103},"12":{"name":"setUser","decl":{"start":{"line":106,"column":13},"end":{"line":109,"column":5}},"loc":{"start":{"line":106,"column":13},"end":{"line":109,"column":5}},"line":106},"13":{"name":"userLogout","decl":{"start":{"line":110,"column":16},"end":{"line":113,"column":5}},"loc":{"start":{"line":110,"column":16},"end":{"line":113,"column":5}},"line":110},"14":{"name":"extraReducers","decl":{"start":{"line":115,"column":17},"end":{"line":163,"column":3}},"loc":{"start":{"line":115,"column":17},"end":{"line":163,"column":3}},"line":115}},"f":{"0":1,"1":10,"2":3,"3":0,"4":0,"5":5,"6":0,"7":0,"8":0,"9":0,"10":0,"11":0,"12":0,"13":0,"14":1}}
,"E:\\frontend\\dev\\stellar-burgers\\src\\services\\fixture\\ingredients.js": {"path":"E:\\frontend\\dev\\stellar-burgers\\src\\services\\fixture\\ingredients.js","all":false,"statementMap":{"0":{"start":{"line":1,"column":0},"end":{"line":1,"column":28}},"1":{"start":{"line":2,"column":0},"end":{"line":2,"column":3}},"2":{"start":{"line":3,"column":0},"end":{"line":3,"column":36}},"3":{"start":{"line":4,"column":0},"end":{"line":4,"column":35}},"4":{"start":{"line":5,"column":0},"end":{"line":5,"column":16}},"5":{"start":{"line":6,"column":0},"end":{"line":6,"column":17}},"6":{"start":{"line":7,"column":0},"end":{"line":7,"column":12}},"7":{"start":{"line":8,"column":0},"end":{"line":8,"column":22}},"8":{"start":{"line":9,"column":0},"end":{"line":9,"column":18}},"9":{"start":{"line":10,"column":0},"end":{"line":10,"column":16}},"10":{"start":{"line":11,"column":0},"end":{"line":11,"column":62}},"11":{"start":{"line":12,"column":0},"end":{"line":12,"column":76}},"12":{"start":{"line":13,"column":0},"end":{"line":13,"column":74}},"13":{"start":{"line":14,"column":0},"end":{"line":14,"column":10}},"14":{"start":{"line":15,"column":0},"end":{"line":15,"column":4}},"15":{"start":{"line":16,"column":0},"end":{"line":16,"column":3}},"16":{"start":{"line":17,"column":0},"end":{"line":17,"column":36}},"17":{"start":{"line":18,"column":0},"end":{"line":18,"column":47}},"18":{"start":{"line":19,"column":0},"end":{"line":19,"column":17}},"19":{"start":{"line":20,"column":0},"end":{"line":20,"column":18}},"20":{"start":{"line":21,"column":0},"end":{"line":21,"column":13}},"21":{"start":{"line":22,"column":0},"end":{"line":22,"column":23}},"22":{"start":{"line":23,"column":0},"end":{"line":23,"column":19}},"23":{"start":{"line":24,"column":0},"end":{"line":24,"column":15}},"24":{"start":{"line":25,"column":0},"end":{"line":25,"column":63}},"25":{"start":{"line":26,"column":0},"end":{"line":26,"column":77}},"26":{"start":{"line":27,"column":0},"end":{"line":27,"column":75}},"27":{"start":{"line":28,"column":0},"end":{"line":28,"column":10}},"28":{"start":{"line":29,"column":0},"end":{"line":29,"column":4}},"29":{"start":{"line":30,"column":0},"end":{"line":30,"column":3}},"30":{"start":{"line":31,"column":0},"end":{"line":31,"column":36}},"31":{"start":{"line":32,"column":0},"end":{"line":32,"column":51}},"32":{"start":{"line":33,"column":0},"end":{"line":33,"column":17}},"33":{"start":{"line":34,"column":0},"end":{"line":34,"column":17}},"34":{"start":{"line":35,"column":0},"end":{"line":35,"column":12}},"35":{"start":{"line":36,"column":0},"end":{"line":36,"column":22}},"36":{"start":{"line":37,"column":0},"end":{"line":37,"column":18}},"37":{"start":{"line":38,"column":0},"end":{"line":38,"column":15}},"38":{"start":{"line":39,"column":0},"end":{"line":39,"column":63}},"39":{"start":{"line":40,"column":0},"end":{"line":40,"column":77}},"40":{"start":{"line":41,"column":0},"end":{"line":41,"column":75}},"41":{"start":{"line":42,"column":0},"end":{"line":42,"column":10}},"42":{"start":{"line":43,"column":0},"end":{"line":43,"column":4}},"43":{"start":{"line":44,"column":0},"end":{"line":44,"column":3}},"44":{"start":{"line":45,"column":0},"end":{"line":45,"column":36}},"45":{"start":{"line":46,"column":0},"end":{"line":46,"column":25}},"46":{"start":{"line":47,"column":0},"end":{"line":47,"column":18}},"47":{"start":{"line":48,"column":0},"end":{"line":48,"column":17}},"48":{"start":{"line":49,"column":0},"end":{"line":49,"column":12}},"49":{"start":{"line":50,"column":0},"end":{"line":50,"column":22}},"50":{"start":{"line":51,"column":0},"end":{"line":51,"column":17}},"51":{"start":{"line":52,"column":0},"end":{"line":52,"column":14}},"52":{"start":{"line":53,"column":0},"end":{"line":53,"column":64}},"53":{"start":{"line":54,"column":0},"end":{"line":54,"column":78}},"54":{"start":{"line":55,"column":0},"end":{"line":55,"column":76}},"55":{"start":{"line":56,"column":0},"end":{"line":56,"column":10}},"56":{"start":{"line":57,"column":0},"end":{"line":57,"column":4}},"57":{"start":{"line":58,"column":0},"end":{"line":58,"column":3}},"58":{"start":{"line":59,"column":0},"end":{"line":59,"column":36}},"59":{"start":{"line":60,"column":0},"end":{"line":60,"column":39}},"60":{"start":{"line":61,"column":0},"end":{"line":61,"column":18}},"61":{"start":{"line":62,"column":0},"end":{"line":62,"column":17}},"62":{"start":{"line":63,"column":0},"end":{"line":63,"column":12}},"63":{"start":{"line":64,"column":0},"end":{"line":64,"column":22}},"64":{"start":{"line":65,"column":0},"end":{"line":65,"column":17}},"65":{"start":{"line":66,"column":0},"end":{"line":66,"column":14}},"66":{"start":{"line":67,"column":0},"end":{"line":67,"column":64}},"67":{"start":{"line":68,"column":0},"end":{"line":68,"column":78}},"68":{"start":{"line":69,"column":0},"end":{"line":69,"column":76}},"69":{"start":{"line":70,"column":0},"end":{"line":70,"column":10}},"70":{"start":{"line":71,"column":0},"end":{"line":71,"column":4}},"71":{"start":{"line":72,"column":0},"end":{"line":72,"column":3}},"72":{"start":{"line":73,"column":0},"end":{"line":73,"column":36}},"73":{"start":{"line":74,"column":0},"end":{"line":74,"column":51}},"74":{"start":{"line":75,"column":0},"end":{"line":75,"column":17}},"75":{"start":{"line":76,"column":0},"end":{"line":76,"column":18}},"76":{"start":{"line":77,"column":0},"end":{"line":77,"column":13}},"77":{"start":{"line":78,"column":0},"end":{"line":78,"column":22}},"78":{"start":{"line":79,"column":0},"end":{"line":79,"column":18}},"79":{"start":{"line":80,"column":0},"end":{"line":80,"column":16}},"80":{"start":{"line":81,"column":0},"end":{"line":81,"column":63}},"81":{"start":{"line":82,"column":0},"end":{"line":82,"column":77}},"82":{"start":{"line":83,"column":0},"end":{"line":83,"column":75}},"83":{"start":{"line":84,"column":0},"end":{"line":84,"column":10}},"84":{"start":{"line":85,"column":0},"end":{"line":85,"column":4}},"85":{"start":{"line":86,"column":0},"end":{"line":86,"column":3}},"86":{"start":{"line":87,"column":0},"end":{"line":87,"column":36}},"87":{"start":{"line":88,"column":0},"end":{"line":88,"column":40}},"88":{"start":{"line":89,"column":0},"end":{"line":89,"column":17}},"89":{"start":{"line":90,"column":0},"end":{"line":90,"column":18}},"90":{"start":{"line":91,"column":0},"end":{"line":91,"column":13}},"91":{"start":{"line":92,"column":0},"end":{"line":92,"column":23}},"92":{"start":{"line":93,"column":0},"end":{"line":93,"column":19}},"93":{"start":{"line":94,"column":0},"end":{"line":94,"column":16}},"94":{"start":{"line":95,"column":0},"end":{"line":95,"column":63}},"95":{"start":{"line":96,"column":0},"end":{"line":96,"column":77}},"96":{"start":{"line":97,"column":0},"end":{"line":97,"column":75}},"97":{"start":{"line":98,"column":0},"end":{"line":98,"column":10}},"98":{"start":{"line":99,"column":0},"end":{"line":99,"column":4}},"99":{"start":{"line":100,"column":0},"end":{"line":100,"column":3}},"100":{"start":{"line":101,"column":0},"end":{"line":101,"column":36}},"101":{"start":{"line":102,"column":0},"end":{"line":102,"column":39}},"102":{"start":{"line":103,"column":0},"end":{"line":103,"column":16}},"103":{"start":{"line":104,"column":0},"end":{"line":104,"column":17}},"104":{"start":{"line":105,"column":0},"end":{"line":105,"column":12}},"105":{"start":{"line":106,"column":0},"end":{"line":106,"column":22}},"106":{"start":{"line":107,"column":0},"end":{"line":107,"column":18}},"107":{"start":{"line":108,"column":0},"end":{"line":108,"column":15}},"108":{"start":{"line":109,"column":0},"end":{"line":109,"column":62}},"109":{"start":{"line":110,"column":0},"end":{"line":110,"column":76}},"110":{"start":{"line":111,"column":0},"end":{"line":111,"column":74}},"111":{"start":{"line":112,"column":0},"end":{"line":112,"column":10}},"112":{"start":{"line":113,"column":0},"end":{"line":113,"column":4}},"113":{"start":{"line":114,"column":0},"end":{"line":114,"column":3}},"114":{"start":{"line":115,"column":0},"end":{"line":115,"column":36}},"115":{"start":{"line":116,"column":0},"end":{"line":116,"column":44}},"116":{"start":{"line":117,"column":0},"end":{"line":117,"column":18}},"117":{"start":{"line":118,"column":0},"end":{"line":118,"column":17}},"118":{"start":{"line":119,"column":0},"end":{"line":119,"column":12}},"119":{"start":{"line":120,"column":0},"end":{"line":120,"column":22}},"120":{"start":{"line":121,"column":0},"end":{"line":121,"column":17}},"121":{"start":{"line":122,"column":0},"end":{"line":122,"column":14}},"122":{"start":{"line":123,"column":0},"end":{"line":123,"column":64}},"123":{"start":{"line":124,"column":0},"end":{"line":124,"column":78}},"124":{"start":{"line":125,"column":0},"end":{"line":125,"column":76}},"125":{"start":{"line":126,"column":0},"end":{"line":126,"column":10}},"126":{"start":{"line":127,"column":0},"end":{"line":127,"column":4}},"127":{"start":{"line":128,"column":0},"end":{"line":128,"column":3}},"128":{"start":{"line":129,"column":0},"end":{"line":129,"column":36}},"129":{"start":{"line":130,"column":0},"end":{"line":130,"column":52}},"130":{"start":{"line":131,"column":0},"end":{"line":131,"column":18}},"131":{"start":{"line":132,"column":0},"end":{"line":132,"column":18}},"132":{"start":{"line":133,"column":0},"end":{"line":133,"column":12}},"133":{"start":{"line":134,"column":0},"end":{"line":134,"column":23}},"134":{"start":{"line":135,"column":0},"end":{"line":135,"column":18}},"135":{"start":{"line":136,"column":0},"end":{"line":136,"column":14}},"136":{"start":{"line":137,"column":0},"end":{"line":137,"column":64}},"137":{"start":{"line":138,"column":0},"end":{"line":138,"column":78}},"138":{"start":{"line":139,"column":0},"end":{"line":139,"column":76}},"139":{"start":{"line":140,"column":0},"end":{"line":140,"column":10}},"140":{"start":{"line":141,"column":0},"end":{"line":141,"column":4}},"141":{"start":{"line":142,"column":0},"end":{"line":142,"column":3}},"142":{"start":{"line":143,"column":0},"end":{"line":143,"column":36}},"143":{"start":{"line":144,"column":0},"end":{"line":144,"column":41}},"144":{"start":{"line":145,"column":0},"end":{"line":145,"column":17}},"145":{"start":{"line":146,"column":0},"end":{"line":146,"column":18}},"146":{"start":{"line":147,"column":0},"end":{"line":147,"column":13}},"147":{"start":{"line":148,"column":0},"end":{"line":148,"column":23}},"148":{"start":{"line":149,"column":0},"end":{"line":149,"column":18}},"149":{"start":{"line":150,"column":0},"end":{"line":150,"column":15}},"150":{"start":{"line":151,"column":0},"end":{"line":151,"column":69}},"151":{"start":{"line":152,"column":0},"end":{"line":152,"column":17}},"152":{"start":{"line":153,"column":0},"end":{"line":153,"column":71}},"153":{"start":{"line":154,"column":0},"end":{"line":154,"column":16}},"154":{"start":{"line":155,"column":0},"end":{"line":155,"column":70}},"155":{"start":{"line":156,"column":0},"end":{"line":156,"column":10}},"156":{"start":{"line":157,"column":0},"end":{"line":157,"column":4}},"157":{"start":{"line":158,"column":0},"end":{"line":158,"column":3}},"158":{"start":{"line":159,"column":0},"end":{"line":159,"column":36}},"159":{"start":{"line":160,"column":0},"end":{"line":160,"column":40}},"160":{"start":{"line":161,"column":0},"end":{"line":161,"column":17}},"161":{"start":{"line":162,"column":0},"end":{"line":162,"column":17}},"162":{"start":{"line":163,"column":0},"end":{"line":163,"column":11}},"163":{"start":{"line":164,"column":0},"end":{"line":164,"column":22}},"164":{"start":{"line":165,"column":0},"end":{"line":165,"column":17}},"165":{"start":{"line":166,"column":0},"end":{"line":166,"column":15}},"166":{"start":{"line":167,"column":0},"end":{"line":167,"column":60}},"167":{"start":{"line":168,"column":0},"end":{"line":168,"column":74}},"168":{"start":{"line":169,"column":0},"end":{"line":169,"column":72}},"169":{"start":{"line":170,"column":0},"end":{"line":170,"column":10}},"170":{"start":{"line":171,"column":0},"end":{"line":171,"column":4}},"171":{"start":{"line":172,"column":0},"end":{"line":172,"column":3}},"172":{"start":{"line":173,"column":0},"end":{"line":173,"column":36}},"173":{"start":{"line":174,"column":0},"end":{"line":174,"column":50}},"174":{"start":{"line":175,"column":0},"end":{"line":175,"column":17}},"175":{"start":{"line":176,"column":0},"end":{"line":176,"column":18}},"176":{"start":{"line":177,"column":0},"end":{"line":177,"column":13}},"177":{"start":{"line":178,"column":0},"end":{"line":178,"column":23}},"178":{"start":{"line":179,"column":0},"end":{"line":179,"column":18}},"179":{"start":{"line":180,"column":0},"end":{"line":180,"column":15}},"180":{"start":{"line":181,"column":0},"end":{"line":181,"column":60}},"181":{"start":{"line":182,"column":0},"end":{"line":182,"column":74}},"182":{"start":{"line":183,"column":0},"end":{"line":183,"column":72}},"183":{"start":{"line":184,"column":0},"end":{"line":184,"column":10}},"184":{"start":{"line":185,"column":0},"end":{"line":185,"column":4}},"185":{"start":{"line":186,"column":0},"end":{"line":186,"column":3}},"186":{"start":{"line":187,"column":0},"end":{"line":187,"column":36}},"187":{"start":{"line":188,"column":0},"end":{"line":188,"column":37}},"188":{"start":{"line":189,"column":0},"end":{"line":189,"column":17}},"189":{"start":{"line":190,"column":0},"end":{"line":190,"column":16}},"190":{"start":{"line":191,"column":0},"end":{"line":191,"column":11}},"191":{"start":{"line":192,"column":0},"end":{"line":192,"column":21}},"192":{"start":{"line":193,"column":0},"end":{"line":193,"column":16}},"193":{"start":{"line":194,"column":0},"end":{"line":194,"column":16}},"194":{"start":{"line":195,"column":0},"end":{"line":195,"column":61}},"195":{"start":{"line":196,"column":0},"end":{"line":196,"column":75}},"196":{"start":{"line":197,"column":0},"end":{"line":197,"column":73}},"197":{"start":{"line":198,"column":0},"end":{"line":198,"column":10}},"198":{"start":{"line":199,"column":0},"end":{"line":199,"column":4}},"199":{"start":{"line":200,"column":0},"end":{"line":200,"column":3}},"200":{"start":{"line":201,"column":0},"end":{"line":201,"column":36}},"201":{"start":{"line":202,"column":0},"end":{"line":202,"column":39}},"202":{"start":{"line":203,"column":0},"end":{"line":203,"column":17}},"203":{"start":{"line":204,"column":0},"end":{"line":204,"column":17}},"204":{"start":{"line":205,"column":0},"end":{"line":205,"column":12}},"205":{"start":{"line":206,"column":0},"end":{"line":206,"column":23}},"206":{"start":{"line":207,"column":0},"end":{"line":207,"column":19}},"207":{"start":{"line":208,"column":0},"end":{"line":208,"column":16}},"208":{"start":{"line":209,"column":0},"end":{"line":209,"column":62}},"209":{"start":{"line":210,"column":0},"end":{"line":210,"column":76}},"210":{"start":{"line":211,"column":0},"end":{"line":211,"column":74}},"211":{"start":{"line":212,"column":0},"end":{"line":212,"column":10}},"212":{"start":{"line":213,"column":0},"end":{"line":213,"column":3}},"213":{"start":{"line":214,"column":0},"end":{"line":214,"column":2}}},"s":{"0":1,"1":1,"2":1,"3":1,"4":1,"5":1,"6":1,"7":1,"8":1,"9":1,"10":1,"11":1,"12":1,"13":1,"14":1,"15":1,"16":1,"17":1,"18":1,"19":1,"20":1,"21":1,"22":1,"23":1,"24":1,"25":1,"26":1,"27":1,"28":1,"29":1,"30":1,"31":1,"32":1,"33":1,"34":1,"35":1,"36":1,"37":1,"38":1,"39":1,"40":1,"41":1,"42":1,"43":1,"44":1,"45":1,"46":1,"47":1,"48":1,"49":1,"50":1,"51":1,"52":1,"53":1,"54":1,"55":1,"56":1,"57":1,"58":1,"59":1,"60":1,"61":1,"62":1,"63":1,"64":1,"65":1,"66":1,"67":1,"68":1,"69":1,"70":1,"71":1,"72":1,"73":1,"74":1,"75":1,"76":1,"77":1,"78":1,"79":1,"80":1,"81":1,"82":1,"83":1,"84":1,"85":1,"86":1,"87":1,"88":1,"89":1,"90":1,"91":1,"92":1,"93":1,"94":1,"95":1,"96":1,"97":1,"98":1,"99":1,"100":1,"101":1,"102":1,"103":1,"104":1,"105":1,"106":1,"107":1,"108":1,"109":1,"110":1,"111":1,"112":1,"113":1,"114":1,"115":1,"116":1,"117":1,"118":1,"119":1,"120":1,"121":1,"122":1,"123":1,"124":1,"125":1,"126":1,"127":1,"128":1,"129":1,"130":1,"131":1,"132":1,"133":1,"134":1,"135":1,"136":1,"137":1,"138":1,"139":1,"140":1,"141":1,"142":1,"143":1,"144":1,"145":1,"146":1,"147":1,"148":1,"149":1,"150":1,"151":1,"152":1,"153":1,"154":1,"155":1,"156":1,"157":1,"158":1,"159":1,"160":1,"161":1,"162":1,"163":1,"164":1,"165":1,"166":1,"167":1,"168":1,"169":1,"170":1,"171":1,"172":1,"173":1,"174":1,"175":1,"176":1,"177":1,"178":1,"179":1,"180":1,"181":1,"182":1,"183":1,"184":1,"185":1,"186":1,"187":1,"188":1,"189":1,"190":1,"191":1,"192":1,"193":1,"194":1,"195":1,"196":1,"197":1,"198":1,"199":1,"200":1,"201":1,"202":1,"203":1,"204":1,"205":1,"206":1,"207":1,"208":1,"209":1,"210":1,"211":1,"212":1,"213":1},"branchMap":{},"b":{},"fnMap":{},"f":{}}
,"E:\\frontend\\dev\\stellar-burgers\\src\\services\\fixture\\reducersStates.ts": {"path":"E:\\frontend\\dev\\stellar-burgers\\src\\services\\fixture\\reducersStates.ts","all":false,"statementMap":{"0":{"start":{"line":1,"column":0},"end":{"line":1,"column":40}},"1":{"start":{"line":2,"column":0},"end":{"line":2,"column":18}},"2":{"start":{"line":3,"column":0},"end":{"line":3,"column":19}},"3":{"start":{"line":4,"column":0},"end":{"line":4,"column":13}},"4":{"start":{"line":5,"column":0},"end":{"line":5,"column":2}},"5":{"start":{"line":6,"column":0},"end":{"line":6,"column":40}},"6":{"start":{"line":7,"column":0},"end":{"line":7,"column":21}},"7":{"start":{"line":8,"column":0},"end":{"line":8,"column":14}},"8":{"start":{"line":9,"column":0},"end":{"line":9,"column":19}},"9":{"start":{"line":10,"column":0},"end":{"line":10,"column":3}},"10":{"start":{"line":11,"column":0},"end":{"line":11,"column":2}},"11":{"start":{"line":12,"column":0},"end":{"line":12,"column":33}},"12":{"start":{"line":13,"column":0},"end":{"line":13,"column":16}},"13":{"start":{"line":14,"column":0},"end":{"line":14,"column":20}},"14":{"start":{"line":15,"column":0},"end":{"line":15,"column":13}},"15":{"start":{"line":16,"column":0},"end":{"line":16,"column":23}},"16":{"start":{"line":17,"column":0},"end":{"line":17,"column":26}},"17":{"start":{"line":18,"column":0},"end":{"line":18,"column":26}},"18":{"start":{"line":19,"column":0},"end":{"line":19,"column":29}},"19":{"start":{"line":20,"column":0},"end":{"line":20,"column":24}},"20":{"start":{"line":21,"column":0},"end":{"line":21,"column":26}},"21":{"start":{"line":22,"column":0},"end":{"line":22,"column":2}},"22":{"start":{"line":23,"column":0},"end":{"line":23,"column":34}},"23":{"start":{"line":24,"column":0},"end":{"line":24,"column":21}},"24":{"start":{"line":25,"column":0},"end":{"line":25,"column":23}},"25":{"start":{"line":26,"column":0},"end":{"line":26,"column":20}},"26":{"start":{"line":27,"column":0},"end":{"line":27,"column":22}},"27":{"start":{"line":28,"column":0},"end":{"line":28,"column":30}},"28":{"start":{"line":29,"column":0},"end":{"line":29,"column":18}},"29":{"start":{"line":30,"column":0},"end":{"line":30,"column":2}},"30":{"start":{"line":31,"column":0},"end":{"line":31,"column":33}},"31":{"start":{"line":32,"column":0},"end":{"line":32,"column":13}},"32":{"start":{"line":33,"column":0},"end":{"line":33,"column":17}},"33":{"start":{"line":34,"column":0},"end":{"line":34,"column":17}},"34":{"start":{"line":35,"column":0},"end":{"line":35,"column":19}},"35":{"start":{"line":36,"column":0},"end":{"line":36,"column":13}},"36":{"start":{"line":37,"column":0},"end":{"line":37,"column":2}}},"s":{"0":1,"1":1,"2":1,"3":1,"4":1,"5":1,"6":1,"7":1,"8":1,"9":1,"10":1,"11":1,"12":1,
[...]
line":163,"column":19}},"163":{"start":{"line":164,"column":0},"end":{"line":164,"column":14}},"164":{"start":{"line":165,"column":0},"end":{"line":165,"column":54}},"165":{"start":{"line":166,"column":0},"end":{"line":166,"column":6}},"166":{"start":{"line":167,"column":0},"end":{"line":167,"column":30}},"167":{"start":{"line":168,"column":0},"end":{"line":168,"column":4}},"168":{"start":{"line":169,"column":0},"end":{"line":169,"column":53}},"169":{"start":{"line":170,"column":0},"end":{"line":170,"column":21}},"170":{"start":{"line":171,"column":0},"end":{"line":171,"column":37}},"171":{"start":{"line":172,"column":0},"end":{"line":172,"column":34}},"172":{"start":{"line":173,"column":0},"end":{"line":173,"column":7}},"173":{"start":{"line":174,"column":0},"end":{"line":174,"column":0}},"174":{"start":{"line":175,"column":0},"end":{"line":175,"column":61}},"175":{"start":{"line":176,"column":0},"end":{"line":176,"column":34}},"176":{"start":{"line":177,"column":0},"end":{"line":177,"column":19}},"177":{"start":{"line":178,"column":0},"end":{"line":178,"column":14}},"178":{"start":{"line":179,"column":0},"end":{"line":179,"column":54}},"179":{"start":{"line":180,"column":0},"end":{"line":180,"column":6}},"180":{"start":{"line":181,"column":0},"end":{"line":181,"column":30}},"181":{"start":{"line":182,"column":0},"end":{"line":182,"column":4}},"182":{"start":{"line":183,"column":0},"end":{"line":183,"column":59}},"183":{"start":{"line":184,"column":0},"end":{"line":184,"column":21}},"184":{"start":{"line":185,"column":0},"end":{"line":185,"column":37}},"185":{"start":{"line":186,"column":0},"end":{"line":186,"column":34}},"186":{"start":{"line":187,"column":0},"end":{"line":187,"column":7}},"187":{"start":{"line":188,"column":0},"end":{"line":188,"column":0}},"188":{"start":{"line":189,"column":0},"end":{"line":189,"column":78}},"189":{"start":{"line":190,"column":0},"end":{"line":190,"column":40}},"190":{"start":{"line":191,"column":0},"end":{"line":191,"column":19}},"191":{"start":{"line":192,"column":0},"end":{"line":192,"column":14}},"192":{"start":{"line":193,"column":0},"end":{"line":193,"column":54}},"193":{"start":{"line":194,"column":0},"end":{"line":194,"column":6}},"194":{"start":{"line":195,"column":0},"end":{"line":195,"column":30}},"195":{"start":{"line":196,"column":0},"end":{"line":196,"column":4}},"196":{"start":{"line":197,"column":0},"end":{"line":197,"column":59}},"197":{"start":{"line":198,"column":0},"end":{"line":198,"column":21}},"198":{"start":{"line":199,"column":0},"end":{"line":199,"column":37}},"199":{"start":{"line":200,"column":0},"end":{"line":200,"column":34}},"200":{"start":{"line":201,"column":0},"end":{"line":201,"column":7}},"201":{"start":{"line":202,"column":0},"end":{"line":202,"column":0}},"202":{"start":{"line":203,"column":0},"end":{"line":203,"column":54}},"203":{"start":{"line":204,"column":0},"end":{"line":204,"column":0}},"204":{"start":{"line":205,"column":0},"end":{"line":205,"column":31}},"205":{"start":{"line":206,"column":0},"end":{"line":206,"column":55}},"206":{"start":{"line":207,"column":0},"end":{"line":207,"column":14}},"207":{"start":{"line":208,"column":0},"end":{"line":208,"column":45}},"208":{"start":{"line":209,"column":0},"end":{"line":209,"column":20}},"209":{"start":{"line":210,"column":0},"end":{"line":210,"column":5}},"210":{"start":{"line":211,"column":0},"end":{"line":211,"column":0}},"211":{"start":{"line":212,"column":0},"end":{"line":212,"column":62}},"212":{"start":{"line":213,"column":0},"end":{"line":213,"column":55}},"213":{"start":{"line":214,"column":0},"end":{"line":214,"column":20}},"214":{"start":{"line":215,"column":0},"end":{"line":215,"column":14}},"215":{"start":{"line":216,"column":0},"end":{"line":216,"column":55}},"216":{"start":{"line":217,"column":0},"end":{"line":217,"column":45}},"217":{"start":{"line":218,"column":0},"end":{"line":218,"column":21}},"218":{"start":{"line":219,"column":0},"end":{"line":219,"column":30}},"219":{"start":{"line":220,"column":0},"end":{"line":220,"column":5}},"220":{"start":{"line":221,"column":0},"end":{"line":221,"column":0}},"221":{"start":{"line":222,"column":0},"end":{"line":222,"column":30}},"222":{"start":{"line":223,"column":0},"end":{"line":223,"column":31}},"223":{"start":{"line":224,"column":0},"end":{"line":224,"column":19}},"224":{"start":{"line":225,"column":0},"end":{"line":225,"column":14}},"225":{"start":{"line":226,"column":0},"end":{"line":226,"column":54}},"226":{"start":{"line":227,"column":0},"end":{"line":227,"column":6}},"227":{"start":{"line":228,"column":0},"end":{"line":228,"column":26}},"228":{"start":{"line":229,"column":0},"end":{"line":229,"column":49}},"229":{"start":{"line":230,"column":0},"end":{"line":230,"column":6}},"230":{"start":{"line":231,"column":0},"end":{"line":231,"column":60}},"231":{"start":{"line":232,"column":0},"end":{"line":232,"column":0}},"232":{"start":{"line":233,"column":0},"end":{"line":233,"column":48}},"233":{"start":{"line":234,"column":0},"end":{"line":234,"column":30}},"234":{"start":{"line":235,"column":0},"end":{"line":235,"column":43}},"235":{"start":{"line":236,"column":0},"end":{"line":236,"column":29}},"236":{"start":{"line":237,"column":0},"end":{"line":237,"column":26}},"237":{"start":{"line":238,"column":0},"end":{"line":238,"column":3}},"238":{"start":{"line":239,"column":0},"end":{"line":239,"column":16}},"239":{"start":{"line":240,"column":0},"end":{"line":240,"column":1}}},"s":{"0":1,"1":0,"2":1,"3":1,"4":1,"5":1,"6":0,"7":1,"8":1,"9":1,"10":1,"11":1,"12":1,"13":1,"14":1,"15":1,"16":1,"17":1,"18":0,"19":0,"20":0,"21":0,"22":0,"23":0,"24":0,"25":0,"26":0,"27":0,"28":0,"29":0,"30":0,"31":0,"32":0,"33":0,"34":0,"35":0,"36":1,"37":1,"38":0,"39":0,"40":0,"41":0,"42":0,"43":0,"44":0,"45":0,"46":0,"47":0,"48":0,"49":0,"50":0,"51":0,"52":0,"53":0,"54":0,"55":1,"56":1,"57":1,"58":1,"59":1,"60":1,"61":1,"62":1,"63":1,"64":1,"65":1,"66":1,"67":1,"68":1,"69":1,"70":0,"71":0,"72":0,"73":0,"74":0,"75":0,"76":1,"77":1,"78":0,"79":0,"80":0,"81":0,"82":0,"83":0,"84":1,"85":1,"86":0,"87":0,"88":0,"89":0,"90":0,"91":0,"92":0,"93":0,"94":0,"95":0,"96":1,"97":1,"98":1,"99":1,"100":1,"101":1,"102":1,"103":0,"104":0,"105":0,"106":0,"107":0,"108":0,"109":0,"110":0,"111":0,"112":0,"113":0,"114":0,"115":0,"116":1,"117":1,"118":1,"119":1,"120":1,"121":1,"122":0,"123":0,"124":0,"125":0,"126":0,"127":0,"128":1,"129":1,"130":1,"131":1,"132":1,"133":1,"134":1,"135":1,"136":1,"137":1,"138":1,"139":1,"140":1,"141":1,"142":0,"143":0,"144":0,"145":0,"146":0,"147":0,"148":0,"149":0,"150":0,"151":0,"152":0,"153":0,"154":1,"155":1,"156":1,"157":1,"158":1,"159":1,"160":1,"161":0,"162":0,"163":0,"164":0,"165":0,"166":0,"167":0,"168":0,"169":0,"170":0,"171":0,"172":0,"173":1,"174":1,"175":0,"176":0,"177":0,"178":0,"179":0,"180":0,"181":0,"182":0,"183":0,"184":0,"185":0,"186":0,"187":1,"188":1,"189":0,"190":0,"191":0,"192":0,"193":0,"194":0,"195":0,"196":0,"197":0,"198":0,"199":0,"200":0,"201":1,"202":1,"203":1,"204":1,"205":0,"206":0,"207":0,"208":0,"209":0,"210":1,"211":1,"212":0,"213":0,"214":0,"215":0,"216":0,"217":0,"218":0,"219":0,"220":1,"221":1,"222":0,"223":0,"224":0,"225":0,"226":0,"227":0,"228":0,"229":0,"230":0,"231":1,"232":1,"233":0,"234":0,"235":0,"236":0,"237":0,"238":0,"239":0},"branchMap":{"0":{"type":"branch","line":2,"loc":{"start":{"line":2,"column":-2},"end":{"line":2,"column":53}},"locations":[{"start":{"line":2,"column":-2},"end":{"line":2,"column":53}}]},"1":{"type":"branch","line":2,"loc":{"start":{"line":2,"column":0},"end":{"line":2,"column":53}},"locations":[{"start":{"line":2,"column":0},"end":{"line":2,"column":53}}]},"2":{"type":"branch","line":2,"loc":{"start":{"line":2,"column":0},"end":{"line":2,"column":53}},"locations":[{"start":{"line":2,"column":0},"end":{"line":2,"column":53}}]},"3":{"type":"branch","line":2,"loc":{"start":{"line":2,"column":0},"end":{"line":2,"column":53}},"locations":[{"start":{"line":2,"column":0},"end":{"line":2,"column":53}}]},"4":{"type":"branch","line":2,"loc":{"start":{"line":2,"column":0},"end":{"line":2,"column":53}},"locations":[{"start":{"line":2,"column":0},"end":{"line":2,"column":53}}]},"5":{"type":"branch","line":2,"loc":{"start":{"line":2,"column":0},"end":{"line":2,"column":53}},"locations":[{"start":{"line":2,"column":0},"end":{"line":2,"column":53}}]},"6":{"type":"branch","line":2,"loc":{"start":{"line":2,"column":0},"end":{"line":2,"column":53}},"locations":[{"start":{"line":2,"column":0},"end":{"line":2,"column":53}}]},"7":{"type":"branch","line":2,"loc":{"start":{"line":2,"column":0},"end":{"line":2,"column":53}},"locations":[{"start":{"line":2,"column":0},"end":{"line":2,"column":53}}]},"8":{"type":"branch","line":2,"loc":{"start":{"line":2,"column":0},"end":{"line":2,"column":53}},"locations":[{"start":{"line":2,"column":0},"end":{"line":2,"column":53}}]},"9":{"type":"branch","line":2,"loc":{"start":{"line":2,"column":0},"end":{"line":2,"column":53}},"locations":[{"start":{"line":2,"column":0},"end":{"line":2,"column":53}}]},"10":{"type":"branch","line":2,"loc":{"start":{"line":2,"column":0},"end":{"line":2,"column":53}},"locations":[{"start":{"line":2,"column":0},"end":{"line":2,"column":53}}]},"11":{"type":"branch","line":2,"loc":{"start":{"line":2,"column":0},"end":{"line":2,"column":53}},"locations":[{"start":{"line":2,"column":0},"end":{"line":2,"column":53}}]},"12":{"type":"branch","line":2,"loc":{"start":{"line":2,"column":0},"end":{"line":2,"column":53}},"locations":[{"start":{"line":2,"column":0},"end":{"line":2,"column":53}}]},"13":{"type":"branch","line":2,"loc":{"start":{"line":2,"column":0},"end":{"line":2,"column":53}},"locations":[{"start":{"line":2,"column":0},"end":{"line":2,"column":53}}]},"14":{"type":"branch","line":2,"loc":{"start":{"line":2,"column":0},"end":{"line":2,"column":53}},"locations":[{"start":{"line":2,"column":0},"end":{"line":2,"column":53}}]},"15":{"type":"branch","line":2,"loc":{"start":{"line":2,"column":0},"end":{"line":2,"column":53}},"locations":[{"start":{"line":2,"column":0},"end":{"line":2,"column":53}}]},"16":{"type":"branch","line":38,"loc":{"start":{"line":38,"column":29},"end":{"line":38,"column":32}},"locations":[{"start":{"line":38,"column":29},"end":{"line":38,"column":32}}]}},"b":{"0":[1],"1":[0],"2":[0],"3":[0],"4":[0],"5":[2],"6":[0],"7":[1],"8":[1],"9":[0],"10":[10],"11":[9],"12":[0],"13":[1],"14":[3],"15":[1],"16":[1]},"fnMap":{"0":{"name":"_regenerator","decl":{"start":{"line":2,"column":-2},"end":{"line":2,"column":53}},"loc":{"start":{"line":2,"column":-2},"end":{"line":2,"column":53}},"line":2},"1":{"name":"i","decl":{"start":{"line":2,"column":0},"end":{"line":2,"column":53}},"loc":{"start":{"line":2,"column":0},"end":{"line":2,"column":53}},"line":2},"2":{"name":"Generator","decl":{"start":{"line":2,"column":0},"end":{"line":2,"column":53}},"loc":{"start":{"line":2,"column":0},"end":{"line":2,"column":53}},"line":2},"3":{"name":"GeneratorFunction","decl":{"start":{"line":2,"column":0},"end":{"line":2,"column":53}},"loc":{"start":{"line":2,"column":0},"end":{"line":2,"column":53}},"line":2},"4":{"name":"GeneratorFunctionPrototype","decl":{"start":{"line":2,"column":0},"end":{"line":2,"column":53}},"loc":{"start":{"line":2,"column":0},"end":{"line":2,"column":53}},"line":2},"5":{"name":"f","decl":{"start":{"line":2,"column":0},"end":{"line":2,"column":53}},"loc":{"start":{"line":2,"column":0},"end":{"line":2,"column":53}},"line":2},"6":{"name":"_regenerator","decl":{"start":{"line":2,"column":0},"end":{"line":2,"column":53}},"loc":{"start":{"line":2,"column":0},"end":{"line":2,"column":53}},"line":2},"7":{"name":"_regeneratorDefine2","decl":{"start":{"line":2,"column":0},"end":{"line":2,"column":53}},"loc":{"start":{"line":2,"column":0},"end":{"line":2,"column":53}},"line":2},"8":{"name":"_regeneratorDefine","decl":{"start":{"line":2,"column":0},"end":{"line":2,"column":53}},"loc":{"start":{"line":2,"column":0},"end":{"line":2,"column":53}},"line":2},"9":{"name":"o","decl":{"start":{"line":2,"column":0},"end":{"line":2,"column":53}},"loc":{"start":{"line":2,"column":0},"end":{"line":2,"column":53}},"line":2},"10":{"name":"_OverloadYield","decl":{"start":{"line":2,"column":0},"end":{"line":2,"column":53}},"loc":{"start":{"line":2,"column":0},"end":{"line":2,"column":53}},"line":2},"11":{"name":"asyncGeneratorStep","decl":{"start":{"line":2,"column":0},"end":{"line":2,"column":53}},"loc":{"start":{"line":2,"column":0},"end":{"line":2,"column":53}},"line":2},"12":{"name":"_asyncToGenerator","decl":{"start":{"line":2,"column":0},"end":{"line":2,"column":53}},"loc":{"start":{"line":2,"column":0},"end":{"line":2,"column":53}},"line":2},"13":{"name":"checkResponse","decl":{"start":{"line":6,"column":22},"end":{"line":7,"column":70}},"loc":{"start":{"line":6,"column":22},"end":{"line":7,"column":70}},"line":6},"14":{"name":"refreshToken","decl":{"start":{"line":18,"column":28},"end":{"line":36,"column":7}},"loc":{"start":{"line":18,"column":28},"end":{"line":36,"column":7}},"line":18},"15":{"name":"_callee","decl":{"start":{"line":38,"column":32},"end":{"line":55,"column":33}},"loc":{"start":{"line":38,"column":32},"end":{"line":55,"column":33}},"line":38},"16":{"name":"getIngredientsApi","decl":{"start":{"line":70,"column":33},"end":{"line":76,"column":7}},"loc":{"start":{"line":70,"column":33},"end":{"line":76,"column":7}},"line":70},"17":{"name":"getFeedsApi","decl":{"start":{"line":78,"column":27},"end":{"line":84,"column":7}},"loc":{"start":{"line":78,"column":27},"end":{"line":84,"column":7}},"line":78},"18":{"name":"getOrdersApi","decl":{"start":{"line":86,"column":28},"end":{"line":96,"column":5}},"loc":{"start":{"line":86,"column":28},"end":{"line":96,"column":5}},"line":86},"19":{"name":"orderBurgerApi","decl":{"start":{"line":103,"column":30},"end":{"line":116,"column":5}},"loc":{"start":{"line":103,"column":30},"end":{"line":116,"column":5}},"line":103},"20":{"name":"getOrderByNumberApi","decl":{"start":{"line":122,"column":35},"end":{"line":128,"column":55}},"loc":{"start":{"line":122,"column":35},"end":{"line":128,"column":55}},"line":122},"21":{"name":"registerUserApi","decl":{"start":{"line":142,"column":31},"end":{"line":154,"column":7}},"loc":{"start":{"line":142,"column":31},"end":{"line":154,"column":7}},"line":142},"22":{"name":"loginUserApi","decl":{"start":{"line":161,"column":28},"end":{"line":173,"column":7}},"loc":{"start":{"line":161,"column":28},"end":{"line":173,"column":7}},"line":161},"23":{"name":"forgotPasswordApi","decl":{"start":{"line":175,"column":33},"end":{"line":187,"column":7}},"loc":{"start":{"line":175,"column":33},"end":{"line":187,"column":7}},"line":175},"24":{"name":"resetPasswordApi","decl":{"start":{"line":189,"column":32},"end":{"line":201,"column":7}},"loc":{"start":{"line":189,"column":32},"end":{"line":201,"column":7}},"line":189},"25":{"name":"getUserApi","decl":{"start":{"line":205,"column":26},"end":{"line":210,"column":5}},"loc":{"start":{"line":205,"column":26},"end":{"line":210,"column":5}},"line":205},"26":{"name":"updateUserApi","decl":{"start":{"line":212,"column":29},"end":{"line":220,"column":5}},"loc":{"start":{"line":212,"column":29},"end":{"line":220,"column":5}},"line":212},"27":{"name":"logoutApi","decl":{"start":{"line":222,"column":25},"end":{"line":231,"column":60}},"loc":{"start":{"line":222,"column":25},"end":{"line":231,"column":60}},"line":222},"28":{"name":"parseOrderNumber","decl":{"start":{"line":233,"column":7},"end":{"line":240,"column":1}},"loc":{"start":{"line":233,"column":7},"end":{"line":240,"column":1}},"line":233}},"f":{"0":1,"1":0,"2":0,"3":0,"4":0,"5":2,"6":1,"7":1,"8":10,"9":3,"10":0,"11":0,"12":1,"13":0,"14":0,"15":0,"16":0,"17":0,"18":0,"19":0,"20":0,"21":0,"22":0,"23":0,"24":0,"25":0,"26":0,"27":0,"28":0}}
,"E:\\frontend\\dev\\stellar-burgers\\src\\utils\\cookie.ts": {"path":"E:\\frontend\\dev\\stellar-burgers\\src\\utils\\cookie.ts","all":false,"statementMap":{"0":{"start":{"line":1,"column":0},"end":{"line":1,"column":61}},"1":{"start":{"line":2,"column":0},"end":{"line":2,"column":40}},"2":{"start":{"line":3,"column":0},"end":{"line":3,"column":15}},"3":{"start":{"line":4,"column":0},"end":{"line":4,"column":18}},"4":{"start":{"line":5,"column":0},"end":{"line":5,"column":53}},"5":{"start":{"line":6,"column":0},"end":{"line":6,"column":62}},"6":{"start":{"line":7,"column":0},"end":{"line":7,"column":18}},"7":{"start":{"line":8,"column":0},"end":{"line":8,"column":5}},"8":{"start":{"line":9,"column":0},"end":{"line":9,"column":4}},"9":{"start":{"line":10,"column":0},"end":{"line":10,"column":62}},"10":{"start":{"line":11,"column":0},"end":{"line":11,"column":1}},"11":{"start":{"line":12,"column":0},"end":{"line":12,"column":0}},"12":{"start":{"line":13,"column":0},"end":{"line":13,"column":26}},"13":{"start":{"line":14,"column":0},"end":{"line":14,"column":15}},"14":{"start":{"line":15,"column":0},"end":{"line":15,"column":16}},"15":{"start":{"line":16,"column":0},"end":{"line":16,"column":65}},"16":{"start":{"line":17,"column":0},"end":{"line":17,"column":3}},"17":{"start":{"line":18,"column":0},"end":{"line":18,"column":11}},"18":{"start":{"line":19,"column":0},"end":{"line":19,"column":14}},"19":{"start":{"line":20,"column":0},"end":{"line":20,"column":12}},"20":{"start":{"line":21,"column":0},"end":{"line":21,"column":4}},"21":{"start":{"line":22,"column":0},"end":{"line":22,"column":0}},"22":{"start":{"line":23,"column":0},"end":{"line":23,"column":26}},"23":{"start":{"line":24,"column":0},"end":{"line":24,"column":39}},"24":{"start":{"line":25,"column":0},"end":{"line":25,"column":25}},"25":{"start":{"line":26,"column":0},"end":{"line":26,"column":40}},"26":{"start":{"line":27,"column":0},"end":{"line":27,"column":28}},"27":{"start":{"line":28,"column":0},"end":{"line":28,"column":3}},"28":{"start":{"line":29,"column":0},"end":{"line":29,"column":0}},"29":{"start":{"line":30,"column":0},"end":{"line":30,"column":35}},"30":{"start":{"line":31,"column":0},"end":{"line":31,"column":38}},"31":{"start":{"line":32,"column":0},"end":{"line":32,"column":3}},"32":{"start":{"line":33,"column":0},"end":{"line":33,"column":36}},"33":{"start":{"line":34,"column":0},"end":{"line":34,"column":41}},"34":{"start":{"line":35,"column":0},"end":{"line":35,"column":33}},"35":{"start":{"line":36,"column":0},"end":{"line":36,"column":37}},"36":{"start":{"line":37,"column":0},"end":{"line":37,"column":38}},"37":{"start":{"line":38,"column":0},"end":{"line":38,"column":29}},"38":{"start":{"line":39,"column":0},"end":{"line":39,"column":39}},"39":{"start":{"line":40,"column":0},"end":{"line":40,"column":5}},"40":{"start":{"line":41,"column":0},"end":{"line":41,"column":3}},"41":{"start":{"line":42,"column":0},"end":{"line":42,"column":34}},"42":{"start":{"line":43,"column":0},"end":{"line":43,"column":1}},"43":{"start":{"line":44,"column":0},"end":{"line":44,"column":0}},"44":{"start":{"line":45,"column":0},"end":{"line":45,"column":44}},"45":{"start":{"line":46,"column":0},"end":{"line":46,"column":39}},"46":{"start":{"line":47,"column":0},"end":{"line":47,"column":1}}},"s":{"0":1,"1":0,"2":0,"3":0,"4":0,"5":0,"6":0,"7":0,"8":0,"9":0,"10":0,"11":1,"12":1,"13":0,"14":0,"15":0,"16":0,"17":0,"18":0,"19":0,"20":0,"21":0,"22":0,"23":0,"24":0,"25":0,"26":0,"27":0,"28":0,"29":0,"30":0,"31":0,"32":0,"33":0,"34":0,"35":0,"36":0,"37":0,"38":0,"39":0,"40":0,"41":0,"42":0,"43":1,"44":1,"45":0,"46":0},"branchMap":{},"b":{},"fnMap":{"0":{"name":"getCookie","decl":{"start":{"line":1,"column":7},"end":{"line":11,"column":1}},"loc":{"start":{"line":1,"column":7},"end":{"line":11,"column":1}},"line":1},"1":{"name":"setCookie","decl":{"start":{"line":13,"column":7},"end":{"line":43,"column":1}},"loc":{"start":{"line":13,"column":7},"end":{"line":43,"column":1}},"line":13},"2":{"name":"deleteCookie","decl":{"start":{"line":45,"column":7},"end":{"line":47,"column":1}},"loc":{"start":{"line":45,"column":7},"end":{"line":47,"column":1}},"line":45}},"f":{"0":0,"1":0,"2":0}}
}
